#-----------------------------------------------------------
# Vivado v2016.2 (64-bit)
# SW Build 1577090 on Thu Jun  2 16:32:40 MDT 2016
# IP Build 1577682 on Fri Jun  3 12:00:54 MDT 2016
# Start of session at: Fri Dec 16 16:21:34 2016
# Process ID: 8844
# Current directory: C:/Users/Albert/Desktop/logic  design/LAB9_HW/lab9 vivado
# Command line: vivado.exe -gui_launcher_event rodinguilauncherevent8404 C:\Users\Albert\Desktop\logic  design\LAB9_HW\lab9 vivado\LAB9.xpr
# Log file: C:/Users/Albert/Desktop/logic  design/LAB9_HW/lab9 vivado/vivado.log
# Journal file: C:/Users/Albert/Desktop/logic  design/LAB9_HW/lab9 vivado\vivado.jou
#-----------------------------------------------------------
start_gui
open_project {C:/Users/Albert/Desktop/logic  design/LAB9_HW/lab9 vivado/LAB9.xpr}
Scanning sources...
Finished scanning sources
INFO: [IP_Flow 19-234] Refreshing IP repositories
INFO: [IP_Flow 19-1704] No user IP repositories specified
INFO: [IP_Flow 19-2313] Loaded Vivado IP repository 'C:/Xilinx/Vivado/2016.2/data/ip'.
WARNING: [IP_Flow 19-2162] IP 'clk_wiz_0' is locked:
* IP definition 'Clocking Wizard (5.3)' for IP 'clk_wiz_0' has a different revision in the IP Catalog.
Please select 'Report IP Status' from the 'Tools/Report' menu or run Tcl command 'report_ip_status' for more information.
open_project: Time (s): cpu = 00:00:22 ; elapsed = 00:00:11 . Memory (MB): peak = 778.102 ; gain = 124.914
update_compile_order -fileset sources_1
reset_run impl_1 -prev_step 
launch_runs impl_1 -to_step write_bitstream
WARNING: [Vivado 12-872] Run step 'Design Initialization' is out-of-date.
[Fri Dec 16 16:25:39 2016] Launched impl_1...
Run output will be captured here: C:/Users/Albert/Desktop/logic  design/LAB9_HW/lab9 vivado/LAB9.runs/impl_1/runme.log
reset_run impl_1 -prev_step 
WARNING: [Vivado 12-1017] Problems encountered:
1. PID not specified

reset_run impl_1 -prev_step 
WARNING: [Vivado 12-1017] Problems encountered:
1. PID not specified

reset_run synth_1
launch_runs impl_1 -to_step write_bitstream
[Fri Dec 16 16:25:59 2016] Launched synth_1...
Run output will be captured here: C:/Users/Albert/Desktop/logic  design/LAB9_HW/lab9 vivado/LAB9.runs/synth_1/runme.log
[Fri Dec 16 16:25:59 2016] Launched impl_1...
Run output will be captured here: C:/Users/Albert/Desktop/logic  design/LAB9_HW/lab9 vivado/LAB9.runs/impl_1/runme.log
reset_run impl_1
reset_run synth_1
launch_runs impl_1 -to_step write_bitstream
[Fri Dec 16 16:29:18 2016] Launched synth_1...
Run output will be captured here: C:/Users/Albert/Desktop/logic  design/LAB9_HW/lab9 vivado/LAB9.runs/synth_1/runme.log
[Fri Dec 16 16:29:18 2016] Launched impl_1...
Run output will be captured here: C:/Users/Albert/Desktop/logic  design/LAB9_HW/lab9 vivado/LAB9.runs/impl_1/runme.log
reset_run synth_1
WARNING: [Vivado 12-1017] Problems encountered:
1. PID not specified

launch_runs impl_1 -to_step write_bitstream
[Fri Dec 16 16:29:27 2016] Launched synth_1...
Run output will be captured here: C:/Users/Albert/Desktop/logic  design/LAB9_HW/lab9 vivado/LAB9.runs/synth_1/runme.log
[Fri Dec 16 16:29:27 2016] Launched impl_1...
Run output will be captured here: C:/Users/Albert/Desktop/logic  design/LAB9_HW/lab9 vivado/LAB9.runs/impl_1/runme.log
open_hw
INFO: [Labtools 27-2285] Connecting to hw_server url TCP:localhost:3121
INFO: [Labtools 27-2222] Launching hw_server...
INFO: [Labtools 27-2221] Launch Output:
[0x7FFFCA6570E3] ANOMALY: use of REX.w is meaningless (default operand size is 64)

****** Xilinx hw_server v2016.2
  **** Build date : Jun  2 2016-16:57:03
    ** Copyright 1986-2016 Xilinx, Inc. All Rights Reserved.

[0x7FFFCA6570E3] ANOMALY: use of REX.w is meaningless (default operand size is 64)

connect_hw_server: Time (s): cpu = 00:00:00 ; elapsed = 00:00:07 . Memory (MB): peak = 818.902 ; gain = 0.000
disconnect_hw_server localhost:3121
connect_hw_server -url localhost:3121
INFO: [Labtools 27-2285] Connecting to hw_server url TCP:localhost:3121
current_hw_target [get_hw_targets */xilinx_tcf/Digilent/210183A2849BA]
set_property PARAM.FREQUENCY 15000000 [get_hw_targets */xilinx_tcf/Digilent/210183A2849BA]
open_hw_target
INFO: [Labtoolstcl 44-466] Opening hw_target localhost:3121/xilinx_tcf/Digilent/210183A2849BA
set_property PROGRAM.FILE {C:/Users/Albert/Desktop/logic  design/LAB9_HW/lab9 vivado/lab9.runs/impl_1/LAB9.bit} [lindex [get_hw_devices] 0]
current_hw_device [lindex [get_hw_devices] 0]
refresh_hw_device -update_hw_probes false [lindex [get_hw_devices] 0]
INFO: [Labtools 27-1435] Device xc7a35t (JTAG device index = 0) is not programmed (DONE status = 0).
set_property PROBES.FILE {} [lindex [get_hw_devices] 0]
set_property PROGRAM.FILE {C:/Users/Albert/Desktop/logic  design/LAB9_HW/lab9 vivado/lab9.runs/impl_1/LAB9.bit} [lindex [get_hw_devices] 0]
program_hw_devices [lindex [get_hw_devices] 0]
INFO: [Labtools 27-3164] End of startup status: HIGH
refresh_hw_device [lindex [get_hw_devices] 0]
INFO: [Labtools 27-1434] Device xc7a35t (JTAG device index = 0) is programmed with a design that has no supported debug core(s) in it.
WARNING: [Labtools 27-3123] The debug hub core was not detected at User Scan Chain 1 or 3.
Resolution: 
1. Make sure the clock connected to the debug hub (dbg_hub) core is a free running clock and is active OR
2. Manually launch hw_server with -e "set xsdb-user-bscan <C_USER_SCAN_CHAIN scan_chain_number>" to detect the debug hub at User Scan Chain of 2 or 4. To determine the user scan chain setting, open the implemented design and use: get_property C_USER_SCAN_CHAIN [get_debug_cores dbg_hub].
reset_run impl_1 -prev_step 
launch_runs impl_1 -to_step write_bitstream
WARNING: [Vivado 12-872] Run step 'Design Initialization' is out-of-date.
[Fri Dec 16 16:45:57 2016] Launched impl_1...
Run output will be captured here: C:/Users/Albert/Desktop/logic  design/LAB9_HW/lab9 vivado/LAB9.runs/impl_1/runme.log
reset_run impl_1 -prev_step 
WARNING: [Vivado 12-1017] Problems encountered:
1. PID not specified

reset_run synth_1
WARNING: [Vivado 12-1017] Problems encountered:
1. PID not specified

launch_runs impl_1 -to_step write_bitstream
[Fri Dec 16 16:46:11 2016] Launched synth_1...
Run output will be captured here: C:/Users/Albert/Desktop/logic  design/LAB9_HW/lab9 vivado/LAB9.runs/synth_1/runme.log
[Fri Dec 16 16:46:11 2016] Launched impl_1...
Run output will be captured here: C:/Users/Albert/Desktop/logic  design/LAB9_HW/lab9 vivado/LAB9.runs/impl_1/runme.log
set_property PROBES.FILE {} [lindex [get_hw_devices] 0]
set_property PROGRAM.FILE {C:/Users/Albert/Desktop/logic  design/LAB9_HW/lab9 vivado/lab9.runs/impl_1/LAB9.bit} [lindex [get_hw_devices] 0]
program_hw_devices [lindex [get_hw_devices] 0]
INFO: [Labtools 27-3164] End of startup status: HIGH
refresh_hw_device [lindex [get_hw_devices] 0]
INFO: [Labtools 27-1434] Device xc7a35t (JTAG device index = 0) is programmed with a design that has no supported debug core(s) in it.
WARNING: [Labtools 27-3123] The debug hub core was not detected at User Scan Chain 1 or 3.
Resolution: 
1. Make sure the clock connected to the debug hub (dbg_hub) core is a free running clock and is active OR
2. Manually launch hw_server with -e "set xsdb-user-bscan <C_USER_SCAN_CHAIN scan_chain_number>" to detect the debug hub at User Scan Chain of 2 or 4. To determine the user scan chain setting, open the implemented design and use: get_property C_USER_SCAN_CHAIN [get_debug_cores dbg_hub].
reset_run impl_1 -prev_step 
launch_runs impl_1 -to_step write_bitstream
WARNING: [Vivado 12-872] Run step 'Design Initialization' is out-of-date.
[Fri Dec 16 16:50:07 2016] Launched impl_1...
Run output will be captured here: C:/Users/Albert/Desktop/logic  design/LAB9_HW/lab9 vivado/LAB9.runs/impl_1/runme.log
reset_run impl_1 -prev_step 
WARNING: [Vivado 12-1017] Problems encountered:
1. PID not specified

reset_run impl_1 -prev_step 
WARNING: [Vivado 12-1017] Problems encountered:
1. PID not specified

reset_run synth_1
launch_runs impl_1 -to_step write_bitstream
[Fri Dec 16 16:50:24 2016] Launched synth_1...
Run output will be captured here: C:/Users/Albert/Desktop/logic  design/LAB9_HW/lab9 vivado/LAB9.runs/synth_1/runme.log
[Fri Dec 16 16:50:24 2016] Launched impl_1...
Run output will be captured here: C:/Users/Albert/Desktop/logic  design/LAB9_HW/lab9 vivado/LAB9.runs/impl_1/runme.log
set_property PROBES.FILE {} [lindex [get_hw_devices] 0]
set_property PROGRAM.FILE {C:/Users/Albert/Desktop/logic  design/LAB9_HW/lab9 vivado/lab9.runs/impl_1/LAB9.bit} [lindex [get_hw_devices] 0]
program_hw_devices [lindex [get_hw_devices] 0]
INFO: [Labtools 27-3164] End of startup status: HIGH
refresh_hw_device [lindex [get_hw_devices] 0]
INFO: [Labtools 27-1434] Device xc7a35t (JTAG device index = 0) is programmed with a design that has no supported debug core(s) in it.
WARNING: [Labtools 27-3123] The debug hub core was not detected at User Scan Chain 1 or 3.
Resolution: 
1. Make sure the clock connected to the debug hub (dbg_hub) core is a free running clock and is active OR
2. Manually launch hw_server with -e "set xsdb-user-bscan <C_USER_SCAN_CHAIN scan_chain_number>" to detect the debug hub at User Scan Chain of 2 or 4. To determine the user scan chain setting, open the implemented design and use: get_property C_USER_SCAN_CHAIN [get_debug_cores dbg_hub].
reset_run impl_1 -prev_step 
launch_runs impl_1 -to_step write_bitstream
WARNING: [Vivado 12-872] Run step 'Design Initialization' is out-of-date.
[Fri Dec 16 16:56:44 2016] Launched impl_1...
Run output will be captured here: C:/Users/Albert/Desktop/logic  design/LAB9_HW/lab9 vivado/LAB9.runs/impl_1/runme.log
reset_run impl_1 -prev_step 
WARNING: [Vivado 12-1017] Problems encountered:
1. PID not specified

reset_run impl_1 -prev_step 
WARNING: [Vivado 12-1017] Problems encountered:
1. PID not specified

reset_run synth_1
launch_runs impl_1 -to_step write_bitstream
[Fri Dec 16 16:57:03 2016] Launched synth_1...
Run output will be captured here: C:/Users/Albert/Desktop/logic  design/LAB9_HW/lab9 vivado/LAB9.runs/synth_1/runme.log
[Fri Dec 16 16:57:03 2016] Launched impl_1...
Run output will be captured here: C:/Users/Albert/Desktop/logic  design/LAB9_HW/lab9 vivado/LAB9.runs/impl_1/runme.log
set_property PROBES.FILE {} [lindex [get_hw_devices] 0]
set_property PROGRAM.FILE {C:/Users/Albert/Desktop/logic  design/LAB9_HW/lab9 vivado/lab9.runs/impl_1/LAB9.bit} [lindex [get_hw_devices] 0]
program_hw_devices [lindex [get_hw_devices] 0]
INFO: [Labtools 27-3164] End of startup status: HIGH
refresh_hw_device [lindex [get_hw_devices] 0]
INFO: [Labtools 27-1434] Device xc7a35t (JTAG device index = 0) is programmed with a design that has no supported debug core(s) in it.
WARNING: [Labtools 27-3123] The debug hub core was not detected at User Scan Chain 1 or 3.
Resolution: 
1. Make sure the clock connected to the debug hub (dbg_hub) core is a free running clock and is active OR
2. Manually launch hw_server with -e "set xsdb-user-bscan <C_USER_SCAN_CHAIN scan_chain_number>" to detect the debug hub at User Scan Chain of 2 or 4. To determine the user scan chain setting, open the implemented design and use: get_property C_USER_SCAN_CHAIN [get_debug_cores dbg_hub].
reset_run impl_1 -prev_step 
launch_runs impl_1 -to_step write_bitstream
WARNING: [Vivado 12-872] Run step 'Design Initialization' is out-of-date.
[Fri Dec 16 17:02:22 2016] Launched impl_1...
Run output will be captured here: C:/Users/Albert/Desktop/logic  design/LAB9_HW/lab9 vivado/LAB9.runs/impl_1/runme.log
reset_run impl_1 -prev_step 
WARNING: [Vivado 12-1017] Problems encountered:
1. PID not specified

reset_run synth_1
WARNING: [Vivado 12-1017] Problems encountered:
1. PID not specified

launch_runs impl_1 -to_step write_bitstream
[Fri Dec 16 17:02:35 2016] Launched synth_1...
Run output will be captured here: C:/Users/Albert/Desktop/logic  design/LAB9_HW/lab9 vivado/LAB9.runs/synth_1/runme.log
[Fri Dec 16 17:02:35 2016] Launched impl_1...
Run output will be captured here: C:/Users/Albert/Desktop/logic  design/LAB9_HW/lab9 vivado/LAB9.runs/impl_1/runme.log
set_property PROBES.FILE {} [lindex [get_hw_devices] 0]
set_property PROGRAM.FILE {C:/Users/Albert/Desktop/logic  design/LAB9_HW/lab9 vivado/lab9.runs/impl_1/LAB9.bit} [lindex [get_hw_devices] 0]
program_hw_devices [lindex [get_hw_devices] 0]
INFO: [Labtools 27-3164] End of startup status: HIGH
refresh_hw_device [lindex [get_hw_devices] 0]
INFO: [Labtools 27-1434] Device xc7a35t (JTAG device index = 0) is programmed with a design that has no supported debug core(s) in it.
WARNING: [Labtools 27-3123] The debug hub core was not detected at User Scan Chain 1 or 3.
Resolution: 
1. Make sure the clock connected to the debug hub (dbg_hub) core is a free running clock and is active OR
2. Manually launch hw_server with -e "set xsdb-user-bscan <C_USER_SCAN_CHAIN scan_chain_number>" to detect the debug hub at User Scan Chain of 2 or 4. To determine the user scan chain setting, open the implemented design and use: get_property C_USER_SCAN_CHAIN [get_debug_cores dbg_hub].
reset_run impl_1 -prev_step 
launch_runs impl_1 -to_step write_bitstream
WARNING: [Vivado 12-872] Run step 'Design Initialization' is out-of-date.
[Fri Dec 16 17:16:14 2016] Launched impl_1...
Run output will be captured here: C:/Users/Albert/Desktop/logic  design/LAB9_HW/lab9 vivado/LAB9.runs/impl_1/runme.log
reset_run impl_1 -prev_step 
WARNING: [Vivado 12-1017] Problems encountered:
1. PID not specified

reset_run impl_1 -prev_step 
WARNING: [Vivado 12-1017] Problems encountered:
1. PID not specified

reset_run synth_1
launch_runs impl_1 -to_step write_bitstream
[Fri Dec 16 17:16:30 2016] Launched synth_1...
Run output will be captured here: C:/Users/Albert/Desktop/logic  design/LAB9_HW/lab9 vivado/LAB9.runs/synth_1/runme.log
[Fri Dec 16 17:16:30 2016] Launched impl_1...
Run output will be captured here: C:/Users/Albert/Desktop/logic  design/LAB9_HW/lab9 vivado/LAB9.runs/impl_1/runme.log
set_property PROBES.FILE {} [lindex [get_hw_devices] 0]
set_property PROGRAM.FILE {C:/Users/Albert/Desktop/logic  design/LAB9_HW/lab9 vivado/lab9.runs/impl_1/LAB9.bit} [lindex [get_hw_devices] 0]
program_hw_devices [lindex [get_hw_devices] 0]
INFO: [Labtools 27-3164] End of startup status: HIGH
refresh_hw_device [lindex [get_hw_devices] 0]
INFO: [Labtools 27-1434] Device xc7a35t (JTAG device index = 0) is programmed with a design that has no supported debug core(s) in it.
WARNING: [Labtools 27-3123] The debug hub core was not detected at User Scan Chain 1 or 3.
Resolution: 
1. Make sure the clock connected to the debug hub (dbg_hub) core is a free running clock and is active OR
2. Manually launch hw_server with -e "set xsdb-user-bscan <C_USER_SCAN_CHAIN scan_chain_number>" to detect the debug hub at User Scan Chain of 2 or 4. To determine the user scan chain setting, open the implemented design and use: get_property C_USER_SCAN_CHAIN [get_debug_cores dbg_hub].
exit
INFO: [Common 17-206] Exiting Vivado at Fri Dec 16 17:27:13 2016...
