#-----------------------------------------------------------
# Vivado v2016.2 (64-bit)
# SW Build 1577090 on Thu Jun  2 16:32:40 MDT 2016
# IP Build 1577682 on Fri Jun  3 12:00:54 MDT 2016
# Start of session at: Sun Dec 11 00:27:09 2016
# Process ID: 7400
# Current directory: C:/Users/Albert/Desktop/logic  design/LAB9_HW/lab9 vivado
# Command line: vivado.exe -gui_launcher_event rodinguilauncherevent8028 C:\Users\Albert\Desktop\logic  design\LAB9_HW\lab9 vivado\LAB9.xpr
# Log file: C:/Users/Albert/Desktop/logic  design/LAB9_HW/lab9 vivado/vivado.log
# Journal file: C:/Users/Albert/Desktop/logic  design/LAB9_HW/lab9 vivado\vivado.jou
#-----------------------------------------------------------
start_gui
opopen_project {C:/Users/Albert/Desktop/logic  design/LAB9_HW/lab9 vivado/LAB9.xprScanning sources...
Finished scanning sources
ININFO: [IP_Flow 19-234] Refreshing IP repositories
INFO: [IP_Flow 19-1704] No user IP repositories specifieININFO: [IP_Flow 19-2313] Loaded Vivado IP repository 'C:/Xilinx/Vivado/2016.2/data/ip'WARNING: [IP_Flow 19-2162] IP 'clk_wiz_0' is locked:
* IP definition 'Clocking Wizard (5.3)' for IP 'clk_wiz_0' has a different revision in the IP Catalog.
Please select 'Report IP Status' from the 'Tools/Report' menu or run Tcl command 'report_ip_status' for more information.
INopen_project: Time (s): cpu = 00:00:24 ; elapsed = 00:00:18 . Memory (MB): peak = 790.707 ; gain = 132.547
update_compile_order -fileset sources_1
exit
INFO: [Common 17-206] Exiting Vivado at Sun Dec 11 00:34:01 2016...
te_compile_order -fileset sources_1
update_compile_order -fileset sim_1
exit
INFO: [Common 17-206] Exiting Vivado at Sun Dec 11 00:34:03 2016...
