#-----------------------------------------------------------
# Vivado v2016.2 (64-bit)
# SW Build 1577090 on Thu Jun  2 16:32:40 MDT 2016
# IP Build 1577682 on Fri Jun  3 12:00:54 MDT 2016
# Start of session at: Wed Dec 28 17:03:26 2016
# Process ID: 8832
# Current directory: C:/Users/Albert/Desktop/logic  design/LAB8_hw/LAB8 vivado
# Command line: vivado.exe -gui_launcher_event rodinguilauncherevent14856 C:\Users\Albert\Desktop\logic  design\LAB8_hw\LAB8 vivado\LAB8.xpr
# Log file: C:/Users/Albert/Desktop/logic  design/LAB8_hw/LAB8 vivado/vivado.log
# Journal file: C:/Users/Albert/Desktop/logic  design/LAB8_hw/LAB8 vivado\vivado.jou
#-----------------------------------------------------------
start_gui
open_project {C:/Users/Albert/Desktop/logic  design/LAB8_hw/LAB8 vivado/LAB8.xpr}
Scanning sources...
Finished scanning sources
INFO: [IP_Flow 19-234] Refreshing IP repositories
INFO: [IP_Flow 19-1704] No user IP repositories specified
INFO: [IP_Flow 19-2313] Loaded Vivado IP repository 'C:/Xilinx/Vivado/2016.2/data/ip'.
WARNING: [IP_Flow 19-2162] IP 'clk_wiz_0' is locked:
* IP definition 'Clocking Wizard (5.3)' for IP 'clk_wiz_0' has a different revision in the IP Catalog.
Please select 'Report IP Status' from the 'Tools/Report' menu or run Tcl command 'report_ip_status' for more information.
open_project: Time (s): cpu = 00:00:21 ; elapsed = 00:00:09 . Memory (MB): peak = 785.750 ; gain = 130.578
update_compile_order -fileset sources_1
exit
INFO: [Common 17-206] Exiting Vivado at Wed Dec 28 17:22:35 2016...
