
*** Running vivado
    with args -log SevenSegment.vdi -applog -m64 -messageDb vivado.pb -mode batch -source SevenSegment.tcl -notrace

[0x7FFB6D9E70E3] ANOMALY: use of REX.w is meaningless (default operand size is 64)

****** Vivado v2016.2 (64-bit)
  **** SW Build 1577090 on Thu Jun  2 16:32:40 MDT 2016
  **** IP Build 1577682 on Fri Jun  3 12:00:54 MDT 2016
    ** Copyright 1986-2016 Xilinx, Inc. All Rights Reserved.

source SevenSegment.tcl -notrace
Design is defaulting to srcset: sources_1
Design is defaulting to constrset: constrs_1
INFO: [Netlist 29-17] Analyzing 27 Unisim elements for replacement
INFO: [Netlist 29-28] Unisim Transformation completed in 0 CPU seconds
INFO: [Project 1-479] Netlist was created with Vivado 2016.2
INFO: [Device 21-403] Loading part xc7a35tcpg236-1
INFO: [Project 1-570] Preparing netlist for logic optimization
Parsing XDC File [C:/Users/Albert/Desktop/logic  design/Final link/Final vivado/src/don't touch/PortDefine_basys3.xdc]
WARNING: [Vivado 12-584] No ports matched 'sw[0]'. [C:/Users/Albert/Desktop/logic  design/Final link/Final vivado/src/don't touch/PortDefine_basys3.xdc:12]
CRITICAL WARNING: [Common 17-55] 'set_property' expects at least one object. [C:/Users/Albert/Desktop/logic  design/Final link/Final vivado/src/don't touch/PortDefine_basys3.xdc:12]
Resolution: If [get_<value>] was used to populate the object, check to make sure this command returns at least one valid object.
WARNING: [Vivado 12-584] No ports matched 'sw[0]'. [C:/Users/Albert/Desktop/logic  design/Final link/Final vivado/src/don't touch/PortDefine_basys3.xdc:13]
CRITICAL WARNING: [Common 17-55] 'set_property' expects at least one object. [C:/Users/Albert/Desktop/logic  design/Final link/Final vivado/src/don't touch/PortDefine_basys3.xdc:13]
Resolution: If [get_<value>] was used to populate the object, check to make sure this command returns at least one valid object.
WARNING: [Vivado 12-584] No ports matched 'sw[1]'. [C:/Users/Albert/Desktop/logic  design/Final link/Final vivado/src/don't touch/PortDefine_basys3.xdc:14]
CRITICAL WARNING: [Common 17-55] 'set_property' expects at least one object. [C:/Users/Albert/Desktop/logic  design/Final link/Final vivado/src/don't touch/PortDefine_basys3.xdc:14]
Resolution: If [get_<value>] was used to populate the object, check to make sure this command returns at least one valid object.
WARNING: [Vivado 12-584] No ports matched 'sw[1]'. [C:/Users/Albert/Desktop/logic  design/Final link/Final vivado/src/don't touch/PortDefine_basys3.xdc:15]
CRITICAL WARNING: [Common 17-55] 'set_property' expects at least one object. [C:/Users/Albert/Desktop/logic  design/Final link/Final vivado/src/don't touch/PortDefine_basys3.xdc:15]
Resolution: If [get_<value>] was used to populate the object, check to make sure this command returns at least one valid object.
WARNING: [Vivado 12-584] No ports matched 'sw[2]'. [C:/Users/Albert/Desktop/logic  design/Final link/Final vivado/src/don't touch/PortDefine_basys3.xdc:16]
CRITICAL WARNING: [Common 17-55] 'set_property' expects at least one object. [C:/Users/Albert/Desktop/logic  design/Final link/Final vivado/src/don't touch/PortDefine_basys3.xdc:16]
Resolution: If [get_<value>] was used to populate the object, check to make sure this command returns at least one valid object.
WARNING: [Vivado 12-584] No ports matched 'sw[2]'. [C:/Users/Albert/Desktop/logic  design/Final link/Final vivado/src/don't touch/PortDefine_basys3.xdc:17]
CRITICAL WARNING: [Common 17-55] 'set_property' expects at least one object. [C:/Users/Albert/Desktop/logic  design/Final link/Final vivado/src/don't touch/PortDefine_basys3.xdc:17]
Resolution: If [get_<value>] was used to populate the object, check to make sure this command returns at least one valid object.
WARNING: [Vivado 12-584] No ports matched 'sw[3]'. [C:/Users/Albert/Desktop/logic  design/Final link/Final vivado/src/don't touch/PortDefine_basys3.xdc:18]
CRITICAL WARNING: [Common 17-55] 'set_property' expects at least one object. [C:/Users/Albert/Desktop/logic  design/Final link/Final vivado/src/don't touch/PortDefine_basys3.xdc:18]
Resolution: If [get_<value>] was used to populate the object, check to make sure this command returns at least one valid object.
WARNING: [Vivado 12-584] No ports matched 'sw[3]'. [C:/Users/Albert/Desktop/logic  design/Final link/Final vivado/src/don't touch/PortDefine_basys3.xdc:19]
CRITICAL WARNING: [Common 17-55] 'set_property' expects at least one object. [C:/Users/Albert/Desktop/logic  design/Final link/Final vivado/src/don't touch/PortDefine_basys3.xdc:19]
Resolution: If [get_<value>] was used to populate the object, check to make sure this command returns at least one valid object.
WARNING: [Vivado 12-584] No ports matched 'sw[4]'. [C:/Users/Albert/Desktop/logic  design/Final link/Final vivado/src/don't touch/PortDefine_basys3.xdc:20]
CRITICAL WARNING: [Common 17-55] 'set_property' expects at least one object. [C:/Users/Albert/Desktop/logic  design/Final link/Final vivado/src/don't touch/PortDefine_basys3.xdc:20]
Resolution: If [get_<value>] was used to populate the object, check to make sure this command returns at least one valid object.
WARNING: [Vivado 12-584] No ports matched 'sw[4]'. [C:/Users/Albert/Desktop/logic  design/Final link/Final vivado/src/don't touch/PortDefine_basys3.xdc:21]
CRITICAL WARNING: [Common 17-55] 'set_property' expects at least one object. [C:/Users/Albert/Desktop/logic  design/Final link/Final vivado/src/don't touch/PortDefine_basys3.xdc:21]
Resolution: If [get_<value>] was used to populate the object, check to make sure this command returns at least one valid object.
WARNING: [Vivado 12-584] No ports matched 'sw[5]'. [C:/Users/Albert/Desktop/logic  design/Final link/Final vivado/src/don't touch/PortDefine_basys3.xdc:22]
CRITICAL WARNING: [Common 17-55] 'set_property' expects at least one object. [C:/Users/Albert/Desktop/logic  design/Final link/Final vivado/src/don't touch/PortDefine_basys3.xdc:22]
Resolution: If [get_<value>] was used to populate the object, check to make sure this command returns at least one valid object.
WARNING: [Vivado 12-584] No ports matched 'sw[5]'. [C:/Users/Albert/Desktop/logic  design/Final link/Final vivado/src/don't touch/PortDefine_basys3.xdc:23]
CRITICAL WARNING: [Common 17-55] 'set_property' expects at least one object. [C:/Users/Albert/Desktop/logic  design/Final link/Final vivado/src/don't touch/PortDefine_basys3.xdc:23]
Resolution: If [get_<value>] was used to populate the object, check to make sure this command returns at least one valid object.
WARNING: [Vivado 12-584] No ports matched 'sw[6]'. [C:/Users/Albert/Desktop/logic  design/Final link/Final vivado/src/don't touch/PortDefine_basys3.xdc:24]
CRITICAL WARNING: [Common 17-55] 'set_property' expects at least one object. [C:/Users/Albert/Desktop/logic  design/Final link/Final vivado/src/don't touch/PortDefine_basys3.xdc:24]
Resolution: If [get_<value>] was used to populate the object, check to make sure this command returns at least one valid object.
WARNING: [Vivado 12-584] No ports matched 'sw[6]'. [C:/Users/Albert/Desktop/logic  design/Final link/Final vivado/src/don't touch/PortDefine_basys3.xdc:25]
CRITICAL WARNING: [Common 17-55] 'set_property' expects at least one object. [C:/Users/Albert/Desktop/logic  design/Final link/Final vivado/src/don't touch/PortDefine_basys3.xdc:25]
Resolution: If [get_<value>] was used to populate the object, check to make sure this command returns at least one valid object.
WARNING: [Vivado 12-584] No ports matched 'sw[7]'. [C:/Users/Albert/Desktop/logic  design/Final link/Final vivado/src/don't touch/PortDefine_basys3.xdc:26]
CRITICAL WARNING: [Common 17-55] 'set_property' expects at least one object. [C:/Users/Albert/Desktop/logic  design/Final link/Final vivado/src/don't touch/PortDefine_basys3.xdc:26]
Resolution: If [get_<value>] was used to populate the object, check to make sure this command returns at least one valid object.
WARNING: [Vivado 12-584] No ports matched 'sw[7]'. [C:/Users/Albert/Desktop/logic  design/Final link/Final vivado/src/don't touch/PortDefine_basys3.xdc:27]
CRITICAL WARNING: [Common 17-55] 'set_property' expects at least one object. [C:/Users/Albert/Desktop/logic  design/Final link/Final vivado/src/don't touch/PortDefine_basys3.xdc:27]
Resolution: If [get_<value>] was used to populate the object, check to make sure this command returns at least one valid object.
WARNING: [Vivado 12-584] No ports matched 'sw[8]'. [C:/Users/Albert/Desktop/logic  design/Final link/Final vivado/src/don't touch/PortDefine_basys3.xdc:28]
CRITICAL WARNING: [Common 17-55] 'set_property' expects at least one object. [C:/Users/Albert/Desktop/logic  design/Final link/Final vivado/src/don't touch/PortDefine_basys3.xdc:28]
Resolution: If [get_<value>] was used to populate the object, check to make sure this command returns at least one valid object.
WARNING: [Vivado 12-584] No ports matched 'sw[8]'. [C:/Users/Albert/Desktop/logic  design/Final link/Final vivado/src/don't touch/PortDefine_basys3.xdc:29]
CRITICAL WARNING: [Common 17-55] 'set_property' expects at least one object. [C:/Users/Albert/Desktop/logic  design/Final link/Final vivado/src/don't touch/PortDefine_basys3.xdc:29]
Resolution: If [get_<value>] was used to populate the object, check to make sure this command returns at least one valid object.
WARNING: [Vivado 12-584] No ports matched 'sw[9]'. [C:/Users/Albert/Desktop/logic  design/Final link/Final vivado/src/don't touch/PortDefine_basys3.xdc:30]
CRITICAL WARNING: [Common 17-55] 'set_property' expects at least one object. [C:/Users/Albert/Desktop/logic  design/Final link/Final vivado/src/don't touch/PortDefine_basys3.xdc:30]
Resolution: If [get_<value>] was used to populate the object, check to make sure this command returns at least one valid object.
WARNING: [Vivado 12-584] No ports matched 'sw[9]'. [C:/Users/Albert/Desktop/logic  design/Final link/Final vivado/src/don't touch/PortDefine_basys3.xdc:31]
CRITICAL WARNING: [Common 17-55] 'set_property' expects at least one object. [C:/Users/Albert/Desktop/logic  design/Final link/Final vivado/src/don't touch/PortDefine_basys3.xdc:31]
Resolution: If [get_<value>] was used to populate the object, check to make sure this command returns at least one valid object.
WARNING: [Vivado 12-584] No ports matched 'sw[10]'. [C:/Users/Albert/Desktop/logic  design/Final link/Final vivado/src/don't touch/PortDefine_basys3.xdc:32]
CRITICAL WARNING: [Common 17-55] 'set_property' expects at least one object. [C:/Users/Albert/Desktop/logic  design/Final link/Final vivado/src/don't touch/PortDefine_basys3.xdc:32]
Resolution: If [get_<value>] was used to populate the object, check to make sure this command returns at least one valid object.
WARNING: [Vivado 12-584] No ports matched 'sw[10]'. [C:/Users/Albert/Desktop/logic  design/Final link/Final vivado/src/don't touch/PortDefine_basys3.xdc:33]
CRITICAL WARNING: [Common 17-55] 'set_property' expects at least one object. [C:/Users/Albert/Desktop/logic  design/Final link/Final vivado/src/don't touch/PortDefine_basys3.xdc:33]
Resolution: If [get_<value>] was used to populate the object, check to make sure this command returns at least one valid object.
WARNING: [Vivado 12-584] No ports matched 'sw[11]'. [C:/Users/Albert/Desktop/logic  design/Final link/Final vivado/src/don't touch/PortDefine_basys3.xdc:34]
CRITICAL WARNING: [Common 17-55] 'set_property' expects at least one object. [C:/Users/Albert/Desktop/logic  design/Final link/Final vivado/src/don't touch/PortDefine_basys3.xdc:34]
Resolution: If [get_<value>] was used to populate the object, check to make sure this command returns at least one valid object.
WARNING: [Vivado 12-584] No ports matched 'sw[11]'. [C:/Users/Albert/Desktop/logic  design/Final link/Final vivado/src/don't touch/PortDefine_basys3.xdc:35]
CRITICAL WARNING: [Common 17-55] 'set_property' expects at least one object. [C:/Users/Albert/Desktop/logic  design/Final link/Final vivado/src/don't touch/PortDefine_basys3.xdc:35]
Resolution: If [get_<value>] was used to populate the object, check to make sure this command returns at least one valid object.
WARNING: [Vivado 12-584] No ports matched 'sw[12]'. [C:/Users/Albert/Desktop/logic  design/Final link/Final vivado/src/don't touch/PortDefine_basys3.xdc:36]
CRITICAL WARNING: [Common 17-55] 'set_property' expects at least one object. [C:/Users/Albert/Desktop/logic  design/Final link/Final vivado/src/don't touch/PortDefine_basys3.xdc:36]
Resolution: If [get_<value>] was used to populate the object, check to make sure this command returns at least one valid object.
WARNING: [Vivado 12-584] No ports matched 'sw[12]'. [C:/Users/Albert/Desktop/logic  design/Final link/Final vivado/src/don't touch/PortDefine_basys3.xdc:37]
CRITICAL WARNING: [Common 17-55] 'set_property' expects at least one object. [C:/Users/Albert/Desktop/logic  design/Final link/Final vivado/src/don't touch/PortDefine_basys3.xdc:37]
Resolution: If [get_<value>] was used to populate the object, check to make sure this command returns at least one valid object.
WARNING: [Vivado 12-584] No ports matched 'sw[13]'. [C:/Users/Albert/Desktop/logic  design/Final link/Final vivado/src/don't touch/PortDefine_basys3.xdc:38]
CRITICAL WARNING: [Common 17-55] 'set_property' expects at least one object. [C:/Users/Albert/Desktop/logic  design/Final link/Final vivado/src/don't touch/PortDefine_basys3.xdc:38]
Resolution: If [get_<value>] was used to populate the object, check to make sure this command returns at least one valid object.
WARNING: [Vivado 12-584] No ports matched 'sw[13]'. [C:/Users/Albert/Desktop/logic  design/Final link/Final vivado/src/don't touch/PortDefine_basys3.xdc:39]
CRITICAL WARNING: [Common 17-55] 'set_property' expects at least one object. [C:/Users/Albert/Desktop/logic  design/Final link/Final vivado/src/don't touch/PortDefine_basys3.xdc:39]
Resolution: If [get_<value>] was used to populate the object, check to make sure this command returns at least one valid object.
WARNING: [Vivado 12-584] No ports matched 'sw[14]'. [C:/Users/Albert/Desktop/logic  design/Final link/Final vivado/src/don't touch/PortDefine_basys3.xdc:40]
CRITICAL WARNING: [Common 17-55] 'set_property' expects at least one object. [C:/Users/Albert/Desktop/logic  design/Final link/Final vivado/src/don't touch/PortDefine_basys3.xdc:40]
Resolution: If [get_<value>] was used to populate the object, check to make sure this command returns at least one valid object.
WARNING: [Vivado 12-584] No ports matched 'sw[14]'. [C:/Users/Albert/Desktop/logic  design/Final link/Final vivado/src/don't touch/PortDefine_basys3.xdc:41]
CRITICAL WARNING: [Common 17-55] 'set_property' expects at least one object. [C:/Users/Albert/Desktop/logic  design/Final link/Final vivado/src/don't touch/PortDefine_basys3.xdc:41]
Resolution: If [get_<value>] was used to populate the object, check to make sure this command returns at least one valid object.
WARNING: [Vivado 12-584] No ports matched 'sw[15]'. [C:/Users/Albert/Desktop/logic  design/Final link/Final vivado/src/don't touch/PortDefine_basys3.xdc:42]
CRITICAL WARNING: [Common 17-55] 'set_property' expects at least one object. [C:/Users/Albert/Desktop/logic  design/Final link/Final vivado/src/don't touch/PortDefine_basys3.xdc:42]
Resolution: If [get_<value>] was used to populate the object, check to make sure this command returns at least one valid object.
WARNING: [Vivado 12-584] No ports matched 'sw[15]'. [C:/Users/Albert/Desktop/logic  design/Final link/Final vivado/src/don't touch/PortDefine_basys3.xdc:43]
CRITICAL WARNING: [Common 17-55] 'set_property' expects at least one object. [C:/Users/Albert/Desktop/logic  design/Final link/Final vivado/src/don't touch/PortDefine_basys3.xdc:43]
Resolution: If [get_<value>] was used to populate the object, check to make sure this command returns at least one valid object.
WARNING: [Vivado 12-584] No ports matched 'led[0]'. [C:/Users/Albert/Desktop/logic  design/Final link/Final vivado/src/don't touch/PortDefine_basys3.xdc:46]
CRITICAL WARNING: [Common 17-55] 'set_property' expects at least one object. [C:/Users/Albert/Desktop/logic  design/Final link/Final vivado/src/don't touch/PortDefine_basys3.xdc:46]
Resolution: If [get_<value>] was used to populate the object, check to make sure this command returns at least one valid object.
WARNING: [Vivado 12-584] No ports matched 'led[0]'. [C:/Users/Albert/Desktop/logic  design/Final link/Final vivado/src/don't touch/PortDefine_basys3.xdc:47]
CRITICAL WARNING: [Common 17-55] 'set_property' expects at least one object. [C:/Users/Albert/Desktop/logic  design/Final link/Final vivado/src/don't touch/PortDefine_basys3.xdc:47]
Resolution: If [get_<value>] was used to populate the object, check to make sure this command returns at least one valid object.
WARNING: [Vivado 12-584] No ports matched 'led[1]'. [C:/Users/Albert/Desktop/logic  design/Final link/Final vivado/src/don't touch/PortDefine_basys3.xdc:48]
CRITICAL WARNING: [Common 17-55] 'set_property' expects at least one object. [C:/Users/Albert/Desktop/logic  design/Final link/Final vivado/src/don't touch/PortDefine_basys3.xdc:48]
Resolution: If [get_<value>] was used to populate the object, check to make sure this command returns at least one valid object.
WARNING: [Vivado 12-584] No ports matched 'led[1]'. [C:/Users/Albert/Desktop/logic  design/Final link/Final vivado/src/don't touch/PortDefine_basys3.xdc:49]
CRITICAL WARNING: [Common 17-55] 'set_property' expects at least one object. [C:/Users/Albert/Desktop/logic  design/Final link/Final vivado/src/don't touch/PortDefine_basys3.xdc:49]
Resolution: If [get_<value>] was used to populate the object, check to make sure this command returns at least one valid object.
WARNING: [Vivado 12-584] No ports matched 'led[2]'. [C:/Users/Albert/Desktop/logic  design/Final link/Final vivado/src/don't touch/PortDefine_basys3.xdc:50]
CRITICAL WARNING: [Common 17-55] 'set_property' expects at least one object. [C:/Users/Albert/Desktop/logic  design/Final link/Final vivado/src/don't touch/PortDefine_basys3.xdc:50]
Resolution: If [get_<value>] was used to populate the object, check to make sure this command returns at least one valid object.
WARNING: [Vivado 12-584] No ports matched 'led[2]'. [C:/Users/Albert/Desktop/logic  design/Final link/Final vivado/src/don't touch/PortDefine_basys3.xdc:51]
CRITICAL WARNING: [Common 17-55] 'set_property' expects at least one object. [C:/Users/Albert/Desktop/logic  design/Final link/Final vivado/src/don't touch/PortDefine_basys3.xdc:51]
Resolution: If [get_<value>] was used to populate the object, check to make sure this command returns at least one valid object.
WARNING: [Vivado 12-584] No ports matched 'led[3]'. [C:/Users/Albert/Desktop/logic  design/Final link/Final vivado/src/don't touch/PortDefine_basys3.xdc:52]
CRITICAL WARNING: [Common 17-55] 'set_property' expects at least one object. [C:/Users/Albert/Desktop/logic  design/Final link/Final vivado/src/don't touch/PortDefine_basys3.xdc:52]
Resolution: If [get_<value>] was used to populate the object, check to make sure this command returns at least one valid object.
WARNING: [Vivado 12-584] No ports matched 'led[3]'. [C:/Users/Albert/Desktop/logic  design/Final link/Final vivado/src/don't touch/PortDefine_basys3.xdc:53]
CRITICAL WARNING: [Common 17-55] 'set_property' expects at least one object. [C:/Users/Albert/Desktop/logic  design/Final link/Final vivado/src/don't touch/PortDefine_basys3.xdc:53]
Resolution: If [get_<value>] was used to populate the object, check to make sure this command returns at least one valid object.
WARNING: [Vivado 12-584] No ports matched 'led[4]'. [C:/Users/Albert/Desktop/logic  design/Final link/Final vivado/src/don't touch/PortDefine_basys3.xdc:54]
CRITICAL WARNING: [Common 17-55] 'set_property' expects at least one object. [C:/Users/Albert/Desktop/logic  design/Final link/Final vivado/src/don't touch/PortDefine_basys3.xdc:54]
Resolution: If [get_<value>] was used to populate the object, check to make sure this command returns at least one valid object.
WARNING: [Vivado 12-584] No ports matched 'led[4]'. [C:/Users/Albert/Desktop/logic  design/Final link/Final vivado/src/don't touch/PortDefine_basys3.xdc:55]
CRITICAL WARNING: [Common 17-55] 'set_property' expects at least one object. [C:/Users/Albert/Desktop/logic  design/Final link/Final vivado/src/don't touch/PortDefine_basys3.xdc:55]
Resolution: If [get_<value>] was used to populate the object, check to make sure this command returns at least one valid object.
WARNING: [Vivado 12-584] No ports matched 'led[5]'. [C:/Users/Albert/Desktop/logic  design/Final link/Final vivado/src/don't touch/PortDefine_basys3.xdc:56]
CRITICAL WARNING: [Common 17-55] 'set_property' expects at least one object. [C:/Users/Albert/Desktop/logic  design/Final link/Final vivado/src/don't touch/PortDefine_basys3.xdc:56]
Resolution: If [get_<value>] was used to populate the object, check to make sure this command returns at least one valid object.
WARNING: [Vivado 12-584] No ports matched 'led[5]'. [C:/Users/Albert/Desktop/logic  design/Final link/Final vivado/src/don't touch/PortDefine_basys3.xdc:57]
CRITICAL WARNING: [Common 17-55] 'set_property' expects at least one object. [C:/Users/Albert/Desktop/logic  design/Final link/Final vivado/src/don't touch/PortDefine_basys3.xdc:57]
Resolution: If [get_<value>] was used to populate the object, check to make sure this command returns at least one valid object.
WARNING: [Vivado 12-584] No ports matched 'led[6]'. [C:/Users/Albert/Desktop/logic  design/Final link/Final vivado/src/don't touch/PortDefine_basys3.xdc:58]
CRITICAL WARNING: [Common 17-55] 'set_property' expects at least one object. [C:/Users/Albert/Desktop/logic  design/Final link/Final vivado/src/don't touch/PortDefine_basys3.xdc:58]
Resolution: If [get_<value>] was used to populate the object, check to make sure this command returns at least one valid object.
WARNING: [Vivado 12-584] No ports matched 'led[6]'. [C:/Users/Albert/Desktop/logic  design/Final link/Final vivado/src/don't touch/PortDefine_basys3.xdc:59]
CRITICAL WARNING: [Common 17-55] 'set_property' expects at least one object. [C:/Users/Albert/Desktop/logic  design/Final link/Final vivado/src/don't touch/PortDefine_basys3.xdc:59]
Resolution: If [get_<value>] was used to populate the object, check to make sure this command returns at least one valid object.
WARNING: [Vivado 12-584] No ports matched 'led[7]'. [C:/Users/Albert/Desktop/logic  design/Final link/Final vivado/src/don't touch/PortDefine_basys3.xdc:60]
CRITICAL WARNING: [Common 17-55] 'set_property' expects at least one object. [C:/Users/Albert/Desktop/logic  design/Final link/Final vivado/src/don't touch/PortDefine_basys3.xdc:60]
Resolution: If [get_<value>] was used to populate the object, check to make sure this command returns at least one valid object.
WARNING: [Vivado 12-584] No ports matched 'led[7]'. [C:/Users/Albert/Desktop/logic  design/Final link/Final vivado/src/don't touch/PortDefine_basys3.xdc:61]
CRITICAL WARNING: [Common 17-55] 'set_property' expects at least one object. [C:/Users/Albert/Desktop/logic  design/Final link/Final vivado/src/don't touch/PortDefine_basys3.xdc:61]
Resolution: If [get_<value>] was used to populate the object, check to make sure this command returns at least one valid object.
WARNING: [Vivado 12-584] No ports matched 'led[8]'. [C:/Users/Albert/Desktop/logic  design/Final link/Final vivado/src/don't touch/PortDefine_basys3.xdc:62]
CRITICAL WARNING: [Common 17-55] 'set_property' expects at least one object. [C:/Users/Albert/Desktop/logic  design/Final link/Final vivado/src/don't touch/PortDefine_basys3.xdc:62]
Resolution: If [get_<value>] was used to populate the object, check to make sure this command returns at least one valid object.
WARNING: [Vivado 12-584] No ports matched 'led[8]'. [C:/Users/Albert/Desktop/logic  design/Final link/Final vivado/src/don't touch/PortDefine_basys3.xdc:63]
CRITICAL WARNING: [Common 17-55] 'set_property' expects at least one object. [C:/Users/Albert/Desktop/logic  design/Final link/Final vivado/src/don't touch/PortDefine_basys3.xdc:63]
Resolution: If [get_<value>] was used to populate the object, check to make sure this command returns at least one valid object.
WARNING: [Vivado 12-584] No ports matched 'led[9]'. [C:/Users/Albert/Desktop/logic  design/Final link/Final vivado/src/don't touch/PortDefine_basys3.xdc:64]
CRITICAL WARNING: [Common 17-55] 'set_property' expects at least one object. [C:/Users/Albert/Desktop/logic  design/Final link/Final vivado/src/don't touch/PortDefine_basys3.xdc:64]
Resolution: If [get_<value>] was used to populate the object, check to make sure this command returns at least one valid object.
WARNING: [Vivado 12-584] No ports matched 'led[9]'. [C:/Users/Albert/Desktop/logic  design/Final link/Final vivado/src/don't touch/PortDefine_basys3.xdc:65]
CRITICAL WARNING: [Common 17-55] 'set_property' expects at least one object. [C:/Users/Albert/Desktop/logic  design/Final link/Final vivado/src/don't touch/PortDefine_basys3.xdc:65]
Resolution: If [get_<value>] was used to populate the object, check to make sure this command returns at least one valid object.
WARNING: [Vivado 12-584] No ports matched 'led[10]'. [C:/Users/Albert/Desktop/logic  design/Final link/Final vivado/src/don't touch/PortDefine_basys3.xdc:66]
CRITICAL WARNING: [Common 17-55] 'set_property' expects at least one object. [C:/Users/Albert/Desktop/logic  design/Final link/Final vivado/src/don't touch/PortDefine_basys3.xdc:66]
Resolution: If [get_<value>] was used to populate the object, check to make sure this command returns at least one valid object.
WARNING: [Vivado 12-584] No ports matched 'led[10]'. [C:/Users/Albert/Desktop/logic  design/Final link/Final vivado/src/don't touch/PortDefine_basys3.xdc:67]
CRITICAL WARNING: [Common 17-55] 'set_property' expects at least one object. [C:/Users/Albert/Desktop/logic  design/Final link/Final vivado/src/don't touch/PortDefine_basys3.xdc:67]
Resolution: If [get_<value>] was used to populate the object, check to make sure this command returns at least one valid object.
WARNING: [Vivado 12-584] No ports matched 'led[11]'. [C:/Users/Albert/Desktop/logic  design/Final link/Final vivado/src/don't touch/PortDefine_basys3.xdc:68]
CRITICAL WARNING: [Common 17-55] 'set_property' expects at least one object. [C:/Users/Albert/Desktop/logic  design/Final link/Final vivado/src/don't touch/PortDefine_basys3.xdc:68]
Resolution: If [get_<value>] was used to populate the object, check to make sure this command returns at least one valid object.
WARNING: [Vivado 12-584] No ports matched 'led[11]'. [C:/Users/Albert/Desktop/logic  design/Final link/Final vivado/src/don't touch/PortDefine_basys3.xdc:69]
CRITICAL WARNING: [Common 17-55] 'set_property' expects at least one object. [C:/Users/Albert/Desktop/logic  design/Final link/Final vivado/src/don't touch/PortDefine_basys3.xdc:69]
Resolution: If [get_<value>] was used to populate the object, check to make sure this command returns at least one valid object.
WARNING: [Vivado 12-584] No ports matched 'led[12]'. [C:/Users/Albert/Desktop/logic  design/Final link/Final vivado/src/don't touch/PortDefine_basys3.xdc:70]
CRITICAL WARNING: [Common 17-55] 'set_property' expects at least one object. [C:/Users/Albert/Desktop/logic  design/Final link/Final vivado/src/don't touch/PortDefine_basys3.xdc:70]
Resolution: If [get_<value>] was used to populate the object, check to make sure this command returns at least one valid object.
WARNING: [Vivado 12-584] No ports matched 'led[12]'. [C:/Users/Albert/Desktop/logic  design/Final link/Final vivado/src/don't touch/PortDefine_basys3.xdc:71]
CRITICAL WARNING: [Common 17-55] 'set_property' expects at least one object. [C:/Users/Albert/Desktop/logic  design/Final link/Final vivado/src/don't touch/PortDefine_basys3.xdc:71]
Resolution: If [get_<value>] was used to populate the object, check to make sure this command returns at least one valid object.
WARNING: [Vivado 12-584] No ports matched 'led[13]'. [C:/Users/Albert/Desktop/logic  design/Final link/Final vivado/src/don't touch/PortDefine_basys3.xdc:72]
CRITICAL WARNING: [Common 17-55] 'set_property' expects at least one object. [C:/Users/Albert/Desktop/logic  design/Final link/Final vivado/src/don't touch/PortDefine_basys3.xdc:72]
Resolution: If [get_<value>] was used to populate the object, check to make sure this command returns at least one valid object.
WARNING: [Vivado 12-584] No ports matched 'led[13]'. [C:/Users/Albert/Desktop/logic  design/Final link/Final vivado/src/don't touch/PortDefine_basys3.xdc:73]
CRITICAL WARNING: [Common 17-55] 'set_property' expects at least one object. [C:/Users/Albert/Desktop/logic  design/Final link/Final vivado/src/don't touch/PortDefine_basys3.xdc:73]
Resolution: If [get_<value>] was used to populate the object, check to make sure this command returns at least one valid object.
WARNING: [Vivado 12-584] No ports matched 'led[14]'. [C:/Users/Albert/Desktop/logic  design/Final link/Final vivado/src/don't touch/PortDefine_basys3.xdc:74]
CRITICAL WARNING: [Common 17-55] 'set_property' expects at least one object. [C:/Users/Albert/Desktop/logic  design/Final link/Final vivado/src/don't touch/PortDefine_basys3.xdc:74]
Resolution: If [get_<value>] was used to populate the object, check to make sure this command returns at least one valid object.
WARNING: [Vivado 12-584] No ports matched 'led[14]'. [C:/Users/Albert/Desktop/logic  design/Final link/Final vivado/src/don't touch/PortDefine_basys3.xdc:75]
CRITICAL WARNING: [Common 17-55] 'set_property' expects at least one object. [C:/Users/Albert/Desktop/logic  design/Final link/Final vivado/src/don't touch/PortDefine_basys3.xdc:75]
Resolution: If [get_<value>] was used to populate the object, check to make sure this command returns at least one valid object.
WARNING: [Vivado 12-584] No ports matched 'led[15]'. [C:/Users/Albert/Desktop/logic  design/Final link/Final vivado/src/don't touch/PortDefine_basys3.xdc:76]
CRITICAL WARNING: [Common 17-55] 'set_property' expects at least one object. [C:/Users/Albert/Desktop/logic  design/Final link/Final vivado/src/don't touch/PortDefine_basys3.xdc:76]
Resolution: If [get_<value>] was used to populate the object, check to make sure this command returns at least one valid object.
WARNING: [Vivado 12-584] No ports matched 'led[15]'. [C:/Users/Albert/Desktop/logic  design/Final link/Final vivado/src/don't touch/PortDefine_basys3.xdc:77]
CRITICAL WARNING: [Common 17-55] 'set_property' expects at least one object. [C:/Users/Albert/Desktop/logic  design/Final link/Final vivado/src/don't touch/PortDefine_basys3.xdc:77]
Resolution: If [get_<value>] was used to populate the object, check to make sure this command returns at least one valid object.
WARNING: [Vivado 12-584] No ports matched 'dp'. [C:/Users/Albert/Desktop/logic  design/Final link/Final vivado/src/don't touch/PortDefine_basys3.xdc:95]
CRITICAL WARNING: [Common 17-55] 'set_property' expects at least one object. [C:/Users/Albert/Desktop/logic  design/Final link/Final vivado/src/don't touch/PortDefine_basys3.xdc:95]
Resolution: If [get_<value>] was used to populate the object, check to make sure this command returns at least one valid object.
WARNING: [Vivado 12-584] No ports matched 'dp'. [C:/Users/Albert/Desktop/logic  design/Final link/Final vivado/src/don't touch/PortDefine_basys3.xdc:96]
CRITICAL WARNING: [Common 17-55] 'set_property' expects at least one object. [C:/Users/Albert/Desktop/logic  design/Final link/Final vivado/src/don't touch/PortDefine_basys3.xdc:96]
Resolution: If [get_<value>] was used to populate the object, check to make sure this command returns at least one valid object.
WARNING: [Vivado 12-584] No ports matched 'btnU'. [C:/Users/Albert/Desktop/logic  design/Final link/Final vivado/src/don't touch/PortDefine_basys3.xdc:110]
CRITICAL WARNING: [Common 17-55] 'set_property' expects at least one object. [C:/Users/Albert/Desktop/logic  design/Final link/Final vivado/src/don't touch/PortDefine_basys3.xdc:110]
Resolution: If [get_<value>] was used to populate the object, check to make sure this command returns at least one valid object.
WARNING: [Vivado 12-584] No ports matched 'btnU'. [C:/Users/Albert/Desktop/logic  design/Final link/Final vivado/src/don't touch/PortDefine_basys3.xdc:111]
CRITICAL WARNING: [Common 17-55] 'set_property' expects at least one object. [C:/Users/Albert/Desktop/logic  design/Final link/Final vivado/src/don't touch/PortDefine_basys3.xdc:111]
Resolution: If [get_<value>] was used to populate the object, check to make sure this command returns at least one valid object.
WARNING: [Vivado 12-584] No ports matched 'btnL'. [C:/Users/Albert/Desktop/logic  design/Final link/Final vivado/src/don't touch/PortDefine_basys3.xdc:112]
CRITICAL WARNING: [Common 17-55] 'set_property' expects at least one object. [C:/Users/Albert/Desktop/logic  design/Final link/Final vivado/src/don't touch/PortDefine_basys3.xdc:112]
Resolution: If [get_<value>] was used to populate the object, check to make sure this command returns at least one valid object.
WARNING: [Vivado 12-584] No ports matched 'btnL'. [C:/Users/Albert/Desktop/logic  design/Final link/Final vivado/src/don't touch/PortDefine_basys3.xdc:113]
CRITICAL WARNING: [Common 17-55] 'set_property' expects at least one object. [C:/Users/Albert/Desktop/logic  design/Final link/Final vivado/src/don't touch/PortDefine_basys3.xdc:113]
Resolution: If [get_<value>] was used to populate the object, check to make sure this command returns at least one valid object.
WARNING: [Vivado 12-584] No ports matched 'btnR'. [C:/Users/Albert/Desktop/logic  design/Final link/Final vivado/src/don't touch/PortDefine_basys3.xdc:114]
CRITICAL WARNING: [Common 17-55] 'set_property' expects at least one object. [C:/Users/Albert/Desktop/logic  design/Final link/Final vivado/src/don't touch/PortDefine_basys3.xdc:114]
Resolution: If [get_<value>] was used to populate the object, check to make sure this command returns at least one valid object.
WARNING: [Vivado 12-584] No ports matched 'btnR'. [C:/Users/Albert/Desktop/logic  design/Final link/Final vivado/src/don't touch/PortDefine_basys3.xdc:115]
CRITICAL WARNING: [Common 17-55] 'set_property' expects at least one object. [C:/Users/Albert/Desktop/logic  design/Final link/Final vivado/src/don't touch/PortDefine_basys3.xdc:115]
Resolution: If [get_<value>] was used to populate the object, check to make sure this command returns at least one valid object.
WARNING: [Vivado 12-584] No ports matched 'btnD'. [C:/Users/Albert/Desktop/logic  design/Final link/Final vivado/src/don't touch/PortDefine_basys3.xdc:116]
CRITICAL WARNING: [Common 17-55] 'set_property' expects at least one object. [C:/Users/Albert/Desktop/logic  design/Final link/Final vivado/src/don't touch/PortDefine_basys3.xdc:116]
Resolution: If [get_<value>] was used to populate the object, check to make sure this command returns at least one valid object.
WARNING: [Vivado 12-584] No ports matched 'btnD'. [C:/Users/Albert/Desktop/logic  design/Final link/Final vivado/src/don't touch/PortDefine_basys3.xdc:117]
CRITICAL WARNING: [Common 17-55] 'set_property' expects at least one object. [C:/Users/Albert/Desktop/logic  design/Final link/Final vivado/src/don't touch/PortDefine_basys3.xdc:117]
Resolution: If [get_<value>] was used to populate the object, check to make sure this command returns at least one valid object.
WARNING: [Vivado 12-584] No ports matched 'vgaRed[0]'. [C:/Users/Albert/Desktop/logic  design/Final link/Final vivado/src/don't touch/PortDefine_basys3.xdc:120]
CRITICAL WARNING: [Common 17-55] 'set_property' expects at least one object. [C:/Users/Albert/Desktop/logic  design/Final link/Final vivado/src/don't touch/PortDefine_basys3.xdc:120]
Resolution: If [get_<value>] was used to populate the object, check to make sure this command returns at least one valid object.
WARNING: [Vivado 12-584] No ports matched 'vgaRed[0]'. [C:/Users/Albert/Desktop/logic  design/Final link/Final vivado/src/don't touch/PortDefine_basys3.xdc:121]
CRITICAL WARNING: [Common 17-55] 'set_property' expects at least one object. [C:/Users/Albert/Desktop/logic  design/Final link/Final vivado/src/don't touch/PortDefine_basys3.xdc:121]
Resolution: If [get_<value>] was used to populate the object, check to make sure this command returns at least one valid object.
WARNING: [Vivado 12-584] No ports matched 'vgaRed[1]'. [C:/Users/Albert/Desktop/logic  design/Final link/Final vivado/src/don't touch/PortDefine_basys3.xdc:122]
CRITICAL WARNING: [Common 17-55] 'set_property' expects at least one object. [C:/Users/Albert/Desktop/logic  design/Final link/Final vivado/src/don't touch/PortDefine_basys3.xdc:122]
Resolution: If [get_<value>] was used to populate the object, check to make sure this command returns at least one valid object.
WARNING: [Vivado 12-584] No ports matched 'vgaRed[1]'. [C:/Users/Albert/Desktop/logic  design/Final link/Final vivado/src/don't touch/PortDefine_basys3.xdc:123]
CRITICAL WARNING: [Common 17-55] 'set_property' expects at least one object. [C:/Users/Albert/Desktop/logic  design/Final link/Final vivado/src/don't touch/PortDefine_basys3.xdc:123]
Resolution: If [get_<value>] was used to populate the object, check to make sure this command returns at least one valid object.
WARNING: [Vivado 12-584] No ports matched 'vgaRed[2]'. [C:/Users/Albert/Desktop/logic  design/Final link/Final vivado/src/don't touch/PortDefine_basys3.xdc:124]
CRITICAL WARNING: [Common 17-55] 'set_property' expects at least one object. [C:/Users/Albert/Desktop/logic  design/Final link/Final vivado/src/don't touch/PortDefine_basys3.xdc:124]
Resolution: If [get_<value>] was used to populate the object, check to make sure this command returns at least one valid object.
WARNING: [Vivado 12-584] No ports matched 'vgaRed[2]'. [C:/Users/Albert/Desktop/logic  design/Final link/Final vivado/src/don't touch/PortDefine_basys3.xdc:125]
CRITICAL WARNING: [Common 17-55] 'set_property' expects at least one object. [C:/Users/Albert/Desktop/logic  design/Final link/Final vivado/src/don't touch/PortDefine_basys3.xdc:125]
Resolution: If [get_<value>] was used to populate the object, check to make sure this command returns at least one valid object.
WARNING: [Vivado 12-584] No ports matched 'vgaRed[3]'. [C:/Users/Albert/Desktop/logic  design/Final link/Final vivado/src/don't touch/PortDefine_basys3.xdc:126]
CRITICAL WARNING: [Common 17-55] 'set_property' expects at least one object. [C:/Users/Albert/Desktop/logic  design/Final link/Final vivado/src/don't touch/PortDefine_basys3.xdc:126]
Resolution: If [get_<value>] was used to populate the object, check to make sure this command returns at least one valid object.
WARNING: [Vivado 12-584] No ports matched 'vgaRed[3]'. [C:/Users/Albert/Desktop/logic  design/Final link/Final vivado/src/don't touch/PortDefine_basys3.xdc:127]
CRITICAL WARNING: [Common 17-55] 'set_property' expects at least one object. [C:/Users/Albert/Desktop/logic  design/Final link/Final vivado/src/don't touch/PortDefine_basys3.xdc:127]
Resolution: If [get_<value>] was used to populate the object, check to make sure this command returns at least one valid object.
WARNING: [Vivado 12-584] No ports matched 'vgaBlue[0]'. [C:/Users/Albert/Desktop/logic  design/Final link/Final vivado/src/don't touch/PortDefine_basys3.xdc:128]
CRITICAL WARNING: [Common 17-55] 'set_property' expects at least one object. [C:/Users/Albert/Desktop/logic  design/Final link/Final vivado/src/don't touch/PortDefine_basys3.xdc:128]
Resolution: If [get_<value>] was used to populate the object, check to make sure this command returns at least one valid object.
WARNING: [Vivado 12-584] No ports matched 'vgaBlue[0]'. [C:/Users/Albert/Desktop/logic  design/Final link/Final vivado/src/don't touch/PortDefine_basys3.xdc:129]
CRITICAL WARNING: [Common 17-55] 'set_property' expects at least one object. [C:/Users/Albert/Desktop/logic  design/Final link/Final vivado/src/don't touch/PortDefine_basys3.xdc:129]
Resolution: If [get_<value>] was used to populate the object, check to make sure this command returns at least one valid object.
WARNING: [Vivado 12-584] No ports matched 'vgaBlue[1]'. [C:/Users/Albert/Desktop/logic  design/Final link/Final vivado/src/don't touch/PortDefine_basys3.xdc:130]
CRITICAL WARNING: [Common 17-55] 'set_property' expects at least one object. [C:/Users/Albert/Desktop/logic  design/Final link/Final vivado/src/don't touch/PortDefine_basys3.xdc:130]
Resolution: If [get_<value>] was used to populate the object, check to make sure this command returns at least one valid object.
WARNING: [Vivado 12-584] No ports matched 'vgaBlue[1]'. [C:/Users/Albert/Desktop/logic  design/Final link/Final vivado/src/don't touch/PortDefine_basys3.xdc:131]
CRITICAL WARNING: [Common 17-55] 'set_property' expects at least one object. [C:/Users/Albert/Desktop/logic  design/Final link/Final vivado/src/don't touch/PortDefine_basys3.xdc:131]
Resolution: If [get_<value>] was used to populate the object, check to make sure this command returns at least one valid object.
WARNING: [Vivado 12-584] No ports matched 'vgaBlue[2]'. [C:/Users/Albert/Desktop/logic  design/Final link/Final vivado/src/don't touch/PortDefine_basys3.xdc:132]
CRITICAL WARNING: [Common 17-55] 'set_property' expects at least one object. [C:/Users/Albert/Desktop/logic  design/Final link/Final vivado/src/don't touch/PortDefine_basys3.xdc:132]
Resolution: If [get_<value>] was used to populate the object, check to make sure this command returns at least one valid object.
WARNING: [Vivado 12-584] No ports matched 'vgaBlue[2]'. [C:/Users/Albert/Desktop/logic  design/Final link/Final vivado/src/don't touch/PortDefine_basys3.xdc:133]
CRITICAL WARNING: [Common 17-55] 'set_property' expects at least one object. [C:/Users/Albert/Desktop/logic  design/Final link/Final vivado/src/don't touch/PortDefine_basys3.xdc:133]
Resolution: If [get_<value>] was used to populate the object, check to make sure this command returns at least one valid object.
WARNING: [Vivado 12-584] No ports matched 'vgaBlue[3]'. [C:/Users/Albert/Desktop/logic  design/Final link/Final vivado/src/don't touch/PortDefine_basys3.xdc:134]
CRITICAL WARNING: [Common 17-55] 'set_property' expects at least one object. [C:/Users/Albert/Desktop/logic  design/Final link/Final vivado/src/don't touch/PortDefine_basys3.xdc:134]
Resolution: If [get_<value>] was used to populate the object, check to make sure this command returns at least one valid object.
WARNING: [Vivado 12-584] No ports matched 'vgaBlue[3]'. [C:/Users/Albert/Desktop/logic  design/Final link/Final vivado/src/don't touch/PortDefine_basys3.xdc:135]
CRITICAL WARNING: [Common 17-55] 'set_property' expects at least one object. [C:/Users/Albert/Desktop/logic  design/Final link/Final vivado/src/don't touch/PortDefine_basys3.xdc:135]
Resolution: If [get_<value>] was used to populate the object, check to make sure this command returns at least one valid object.
WARNING: [Vivado 12-584] No ports matched 'vgaGreen[0]'. [C:/Users/Albert/Desktop/logic  design/Final link/Final vivado/src/don't touch/PortDefine_basys3.xdc:136]
CRITICAL WARNING: [Common 17-55] 'set_property' expects at least one object. [C:/Users/Albert/Desktop/logic  design/Final link/Final vivado/src/don't touch/PortDefine_basys3.xdc:136]
Resolution: If [get_<value>] was used to populate the object, check to make sure this command returns at least one valid object.
WARNING: [Vivado 12-584] No ports matched 'vgaGreen[0]'. [C:/Users/Albert/Desktop/logic  design/Final link/Final vivado/src/don't touch/PortDefine_basys3.xdc:137]
CRITICAL WARNING: [Common 17-55] 'set_property' expects at least one object. [C:/Users/Albert/Desktop/logic  design/Final link/Final vivado/src/don't touch/PortDefine_basys3.xdc:137]
Resolution: If [get_<value>] was used to populate the object, check to make sure this command returns at least one valid object.
WARNING: [Vivado 12-584] No ports matched 'vgaGreen[1]'. [C:/Users/Albert/Desktop/logic  design/Final link/Final vivado/src/don't touch/PortDefine_basys3.xdc:138]
CRITICAL WARNING: [Common 17-55] 'set_property' expects at least one object. [C:/Users/Albert/Desktop/logic  design/Final link/Final vivado/src/don't touch/PortDefine_basys3.xdc:138]
Resolution: If [get_<value>] was used to populate the object, check to make sure this command returns at least one valid object.
WARNING: [Vivado 12-584] No ports matched 'vgaGreen[1]'. [C:/Users/Albert/Desktop/logic  design/Final link/Final vivado/src/don't touch/PortDefine_basys3.xdc:139]
CRITICAL WARNING: [Common 17-55] 'set_property' expects at least one object. [C:/Users/Albert/Desktop/logic  design/Final link/Final vivado/src/don't touch/PortDefine_basys3.xdc:139]
Resolution: If [get_<value>] was used to populate the object, check to make sure this command returns at least one valid object.
WARNING: [Vivado 12-584] No ports matched 'vgaGreen[2]'. [C:/Users/Albert/Desktop/logic  design/Final link/Final vivado/src/don't touch/PortDefine_basys3.xdc:140]
CRITICAL WARNING: [Common 17-55] 'set_property' expects at least one object. [C:/Users/Albert/Desktop/logic  design/Final link/Final vivado/src/don't touch/PortDefine_basys3.xdc:140]
Resolution: If [get_<value>] was used to populate the object, check to make sure this command returns at least one valid object.
WARNING: [Vivado 12-584] No ports matched 'vgaGreen[2]'. [C:/Users/Albert/Desktop/logic  design/Final link/Final vivado/src/don't touch/PortDefine_basys3.xdc:141]
CRITICAL WARNING: [Common 17-55] 'set_property' expects at least one object. [C:/Users/Albert/Desktop/logic  design/Final link/Final vivado/src/don't touch/PortDefine_basys3.xdc:141]
Resolution: If [get_<value>] was used to populate the object, check to make sure this command returns at least one valid object.
WARNING: [Vivado 12-584] No ports matched 'vgaGreen[3]'. [C:/Users/Albert/Desktop/logic  design/Final link/Final vivado/src/don't touch/PortDefine_basys3.xdc:142]
CRITICAL WARNING: [Common 17-55] 'set_property' expects at least one object. [C:/Users/Albert/Desktop/logic  design/Final link/Final vivado/src/don't touch/PortDefine_basys3.xdc:142]
Resolution: If [get_<value>] was used to populate the object, check to make sure this command returns at least one valid object.
WARNING: [Vivado 12-584] No ports matched 'vgaGreen[3]'. [C:/Users/Albert/Desktop/logic  design/Final link/Final vivado/src/don't touch/PortDefine_basys3.xdc:143]
CRITICAL WARNING: [Common 17-55] 'set_property' expects at least one object. [C:/Users/Albert/Desktop/logic  design/Final link/Final vivado/src/don't touch/PortDefine_basys3.xdc:143]
Resolution: If [get_<value>] was used to populate the object, check to make sure this command returns at least one valid object.
WARNING: [Vivado 12-584] No ports matched 'Hsync'. [C:/Users/Albert/Desktop/logic  design/Final link/Final vivado/src/don't touch/PortDefine_basys3.xdc:144]
CRITICAL WARNING: [Common 17-55] 'set_property' expects at least one object. [C:/Users/Albert/Desktop/logic  design/Final link/Final vivado/src/don't touch/PortDefine_basys3.xdc:144]
Resolution: If [get_<value>] was used to populate the object, check to make sure this command returns at least one valid object.
WARNING: [Vivado 12-584] No ports matched 'Hsync'. [C:/Users/Albert/Desktop/logic  design/Final link/Final vivado/src/don't touch/PortDefine_basys3.xdc:145]
INFO: [Common 17-14] Message 'Vivado 12-584' appears 100 times and further instances of the messages will be disabled. Use the Tcl command set_msg_config to change the current settings. [C:/Users/Albert/Desktop/logic  design/Final link/Final vivado/src/don't touch/PortDefine_basys3.xdc:145]
CRITICAL WARNING: [Common 17-55] 'set_property' expects at least one object. [C:/Users/Albert/Desktop/logic  design/Final link/Final vivado/src/don't touch/PortDefine_basys3.xdc:145]
Resolution: If [get_<value>] was used to populate the object, check to make sure this command returns at least one valid object.
INFO: [Common 17-14] Message 'Common 17-55' appears 100 times and further instances of the messages will be disabled. Use the Tcl command set_msg_config to change the current settings. [C:/Users/Albert/Desktop/logic  design/Final link/Final vivado/src/don't touch/PortDefine_basys3.xdc:145]
Finished Parsing XDC File [C:/Users/Albert/Desktop/logic  design/Final link/Final vivado/src/don't touch/PortDefine_basys3.xdc]
INFO: [Opt 31-138] Pushed 0 inverter(s) to 0 load pin(s).
INFO: [Project 1-111] Unisim Transformation Summary:
No Unisim elements were transformed.

link_design: Time (s): cpu = 00:00:09 ; elapsed = 00:00:11 . Memory (MB): peak = 444.656 ; gain = 237.172
INFO: [Vivado_Tcl 4-424] Cannot write hardware definition file as there are no IPI block design hardware handoff files present
Command: opt_design
Attempting to get a license for feature 'Implementation' and/or device 'xc7a35t'
INFO: [Common 17-349] Got license for feature 'Implementation' and/or device 'xc7a35t'
Running DRC as a precondition to command opt_design

Starting DRC Task
INFO: [DRC 23-27] Running DRC with 2 threads
INFO: [Project 1-461] DRC finished with 0 Errors
INFO: [Project 1-462] Please refer to the DRC report (report_drc) for more information.

Time (s): cpu = 00:00:00 ; elapsed = 00:00:00.147 . Memory (MB): peak = 449.180 ; gain = 4.523
INFO: [Timing 38-35] Done setting XDC timing constraints.

Starting Logic Optimization Task
Implement Debug Cores | Checksum: 15e2d97ca

Phase 1 Retarget
INFO: [Opt 31-138] Pushed 0 inverter(s) to 0 load pin(s).
INFO: [Opt 31-49] Retargeted 0 cell(s).
Phase 1 Retarget | Checksum: 15e2d97ca

Time (s): cpu = 00:00:00 ; elapsed = 00:00:00.037 . Memory (MB): peak = 901.559 ; gain = 0.000

Phase 2 Constant Propagation
INFO: [Opt 31-138] Pushed 0 inverter(s) to 0 load pin(s).
INFO: [Opt 31-10] Eliminated 0 cells.
Phase 2 Constant Propagation | Checksum: 15e2d97ca

Time (s): cpu = 00:00:00 ; elapsed = 00:00:00.046 . Memory (MB): peak = 901.559 ; gain = 0.000

Phase 3 Sweep
INFO: [Opt 31-12] Eliminated 12 unconnected nets.
INFO: [Opt 31-11] Eliminated 0 unconnected cells.
Phase 3 Sweep | Checksum: 22a89d020

Time (s): cpu = 00:00:00 ; elapsed = 00:00:00.062 . Memory (MB): peak = 901.559 ; gain = 0.000

Starting Connectivity Check Task

Time (s): cpu = 00:00:00 ; elapsed = 00:00:00.001 . Memory (MB): peak = 901.559 ; gain = 0.000
Ending Logic Optimization Task | Checksum: 22a89d020

Time (s): cpu = 00:00:00 ; elapsed = 00:00:00.065 . Memory (MB): peak = 901.559 ; gain = 0.000

Starting Power Optimization Task
INFO: [Pwropt 34-132] Skipping clock gating for clocks with a period < 2.00 ns.
Ending Power Optimization Task | Checksum: 22a89d020

Time (s): cpu = 00:00:00 ; elapsed = 00:00:00.012 . Memory (MB): peak = 901.559 ; gain = 0.000
INFO: [Common 17-83] Releasing license: Implementation
23 Infos, 100 Warnings, 100 Critical Warnings and 0 Errors encountered.
opt_design completed successfully
opt_design: Time (s): cpu = 00:00:14 ; elapsed = 00:00:16 . Memory (MB): peak = 901.559 ; gain = 456.902
Writing placer database...
Writing XDEF routing.
Writing XDEF routing logical nets.
Writing XDEF routing special nets.
Write XDEF Complete: Time (s): cpu = 00:00:00 ; elapsed = 00:00:00.082 . Memory (MB): peak = 901.559 ; gain = 0.000
INFO: [DRC 23-27] Running DRC with 2 threads
INFO: [Coretcl 2-168] The results of DRC are in file C:/Users/Albert/Desktop/logic  design/Final link/Final vivado/FinalProject.runs/impl_1/SevenSegment_drc_opted.rpt.
INFO: [Chipscope 16-241] No debug cores found in the current design.
Before running the implement_debug_core command, either use the Set Up Debug wizard (GUI mode)
or use the create_debug_core and connect_debug_core Tcl commands to insert debug cores into the design.
Command: place_design
Attempting to get a license for feature 'Implementation' and/or device 'xc7a35t'
INFO: [Common 17-349] Got license for feature 'Implementation' and/or device 'xc7a35t'
INFO: [DRC 23-27] Running DRC with 2 threads
INFO: [Vivado_Tcl 4-198] DRC finished with 0 Errors
INFO: [Vivado_Tcl 4-199] Please refer to the DRC report (report_drc) for more information.
Running DRC as a precondition to command place_design
INFO: [DRC 23-27] Running DRC with 2 threads
INFO: [Vivado_Tcl 4-198] DRC finished with 0 Errors
INFO: [Vivado_Tcl 4-199] Please refer to the DRC report (report_drc) for more information.

Starting Placer Task
INFO: [Place 30-611] Multithreading enabled for place_design using a maximum of 2 CPUs

Phase 1 Placer Initialization
Netlist sorting complete. Time (s): cpu = 00:00:00 ; elapsed = 00:00:00 . Memory (MB): peak = 901.559 ; gain = 0.000
Netlist sorting complete. Time (s): cpu = 00:00:00 ; elapsed = 00:00:00 . Memory (MB): peak = 901.559 ; gain = 0.000

Phase 1.1 IO Placement/ Clock Placement/ Build Placer Device

Phase 1.1.1 ParallelPlaceIOClockAndInitTop

Phase 1.1.1.1 Pre-Place Cells
Phase 1.1.1.1 Pre-Place Cells | Checksum: 924b10fb

Time (s): cpu = 00:00:00 ; elapsed = 00:00:00.049 . Memory (MB): peak = 901.559 ; gain = 0.000

Phase 1.1.1.2 Constructing HAPIClkRuleMgr
Phase 1.1.1.2 Constructing HAPIClkRuleMgr | Checksum: 924b10fb

Time (s): cpu = 00:00:00 ; elapsed = 00:00:00.080 . Memory (MB): peak = 901.559 ; gain = 0.000
INFO: [Timing 38-35] Done setting XDC timing constraints.

Phase 1.1.1.3 IO and Clk Clean Up

Phase 1.1.1.3.1 Constructing HAPIClkRuleMgr
Phase 1.1.1.3.1 Constructing HAPIClkRuleMgr | Checksum: 924b10fb

Time (s): cpu = 00:00:02 ; elapsed = 00:00:01 . Memory (MB): peak = 914.801 ; gain = 13.242
Phase 1.1.1.3 IO and Clk Clean Up | Checksum: 924b10fb

Time (s): cpu = 00:00:02 ; elapsed = 00:00:01 . Memory (MB): peak = 914.801 ; gain = 13.242

Phase 1.1.1.4 Implementation Feasibility check On IDelay
Phase 1.1.1.4 Implementation Feasibility check On IDelay | Checksum: 924b10fb

Time (s): cpu = 00:00:02 ; elapsed = 00:00:01 . Memory (MB): peak = 914.801 ; gain = 13.242

Phase 1.1.1.5 Commit IO Placement
Phase 1.1.1.5 Commit IO Placement | Checksum: 58707ce8

Time (s): cpu = 00:00:02 ; elapsed = 00:00:01 . Memory (MB): peak = 914.801 ; gain = 13.242
Phase 1.1.1 ParallelPlaceIOClockAndInitTop | Checksum: 58707ce8

Time (s): cpu = 00:00:02 ; elapsed = 00:00:01 . Memory (MB): peak = 914.801 ; gain = 13.242
Phase 1.1 IO Placement/ Clock Placement/ Build Placer Device | Checksum: e7701fb5

Time (s): cpu = 00:00:02 ; elapsed = 00:00:01 . Memory (MB): peak = 914.801 ; gain = 13.242

Phase 1.2 Build Placer Netlist Model

Phase 1.2.1 Place Init Design

Phase 1.2.1.1 Make Others
Phase 1.2.1.1 Make Others | Checksum: 1dd357042

Time (s): cpu = 00:00:02 ; elapsed = 00:00:01 . Memory (MB): peak = 914.801 ; gain = 13.242

Phase 1.2.1.2 Init Lut Pin Assignment
Phase 1.2.1.2 Init Lut Pin Assignment | Checksum: 1dd357042

Time (s): cpu = 00:00:02 ; elapsed = 00:00:01 . Memory (MB): peak = 914.801 ; gain = 13.242
Phase 1.2.1 Place Init Design | Checksum: 14d4ff194

Time (s): cpu = 00:00:02 ; elapsed = 00:00:02 . Memory (MB): peak = 914.801 ; gain = 13.242
Phase 1.2 Build Placer Netlist Model | Checksum: 14d4ff194

Time (s): cpu = 00:00:02 ; elapsed = 00:00:02 . Memory (MB): peak = 914.801 ; gain = 13.242

Phase 1.3 Constrain Clocks/Macros
Phase 1.3 Constrain Clocks/Macros | Checksum: 14d4ff194

Time (s): cpu = 00:00:02 ; elapsed = 00:00:02 . Memory (MB): peak = 914.801 ; gain = 13.242
Phase 1 Placer Initialization | Checksum: 14d4ff194

Time (s): cpu = 00:00:02 ; elapsed = 00:00:02 . Memory (MB): peak = 914.801 ; gain = 13.242

Phase 2 Global Placement
Phase 2 Global Placement | Checksum: 19a71804e

Time (s): cpu = 00:00:02 ; elapsed = 00:00:02 . Memory (MB): peak = 914.801 ; gain = 13.242

Phase 3 Detail Placement

Phase 3.1 Commit Multi Column Macros
Phase 3.1 Commit Multi Column Macros | Checksum: 19a71804e

Time (s): cpu = 00:00:02 ; elapsed = 00:00:02 . Memory (MB): peak = 914.801 ; gain = 13.242

Phase 3.2 Commit Most Macros & LUTRAMs
Phase 3.2 Commit Most Macros & LUTRAMs | Checksum: 17b2e437b

Time (s): cpu = 00:00:02 ; elapsed = 00:00:02 . Memory (MB): peak = 914.801 ; gain = 13.242

Phase 3.3 Area Swap Optimization
Phase 3.3 Area Swap Optimization | Checksum: 1c3a1da44

Time (s): cpu = 00:00:02 ; elapsed = 00:00:02 . Memory (MB): peak = 914.801 ; gain = 13.242

Phase 3.4 updateClock Trees: DP
Phase 3.4 updateClock Trees: DP | Checksum: 1c3a1da44

Time (s): cpu = 00:00:02 ; elapsed = 00:00:02 . Memory (MB): peak = 914.801 ; gain = 13.242

Phase 3.5 Timing Path Optimizer
Phase 3.5 Timing Path Optimizer | Checksum: 1111e3a42

Time (s): cpu = 00:00:02 ; elapsed = 00:00:02 . Memory (MB): peak = 914.801 ; gain = 13.242

Phase 3.6 Fast Optimization
Phase 3.6 Fast Optimization | Checksum: 1111e3a42

Time (s): cpu = 00:00:02 ; elapsed = 00:00:02 . Memory (MB): peak = 914.801 ; gain = 13.242

Phase 3.7 Small Shape Detail Placement
Phase 3.7 Small Shape Detail Placement | Checksum: 16f3a975b

Time (s): cpu = 00:00:03 ; elapsed = 00:00:02 . Memory (MB): peak = 914.801 ; gain = 13.242

Phase 3.8 Re-assign LUT pins
Phase 3.8 Re-assign LUT pins | Checksum: 16f3a975b

Time (s): cpu = 00:00:03 ; elapsed = 00:00:02 . Memory (MB): peak = 914.801 ; gain = 13.242

Phase 3.9 Pipeline Register Optimization
Phase 3.9 Pipeline Register Optimization | Checksum: 16f3a975b

Time (s): cpu = 00:00:03 ; elapsed = 00:00:02 . Memory (MB): peak = 914.801 ; gain = 13.242

Phase 3.10 Fast Optimization
Phase 3.10 Fast Optimization | Checksum: 16f3a975b

Time (s): cpu = 00:00:03 ; elapsed = 00:00:02 . Memory (MB): peak = 914.801 ; gain = 13.242
Phase 3 Detail Placement | Checksum: 16f3a975b

Time (s): cpu = 00:00:03 ; elapsed = 00:00:02 . Memory (MB): peak = 914.801 ; gain = 13.242

Phase 4 Post Placement Optimization and Clean-Up

Phase 4.1 Post Commit Optimization
INFO: [Timing 38-35] Done setting XDC timing constraints.

Phase 4.1.1 updateClock Trees: PCOPT
Phase 4.1.1 updateClock Trees: PCOPT | Checksum: 18ef44659

Time (s): cpu = 00:00:03 ; elapsed = 00:00:02 . Memory (MB): peak = 914.801 ; gain = 13.242

Phase 4.1.2 Post Placement Optimization
INFO: [Place 30-746] Post Placement Timing Summary WNS=7.837. For the most accurate timing information please run report_timing.
Phase 4.1.2 Post Placement Optimization | Checksum: 152605b01

Time (s): cpu = 00:00:03 ; elapsed = 00:00:02 . Memory (MB): peak = 914.801 ; gain = 13.242
Phase 4.1 Post Commit Optimization | Checksum: 152605b01

Time (s): cpu = 00:00:03 ; elapsed = 00:00:02 . Memory (MB): peak = 914.801 ; gain = 13.242

Phase 4.2 Sweep Clock Roots: Post-Placement
Phase 4.2 Sweep Clock Roots: Post-Placement | Checksum: 152605b01

Time (s): cpu = 00:00:03 ; elapsed = 00:00:02 . Memory (MB): peak = 914.801 ; gain = 13.242

Phase 4.3 Uram Pipeline Register Optimization
Phase 4.3 Uram Pipeline Register Optimization | Checksum: 152605b01

Time (s): cpu = 00:00:03 ; elapsed = 00:00:02 . Memory (MB): peak = 914.801 ; gain = 13.242

Phase 4.4 Post Placement Cleanup
Phase 4.4 Post Placement Cleanup | Checksum: 152605b01

Time (s): cpu = 00:00:03 ; elapsed = 00:00:02 . Memory (MB): peak = 914.801 ; gain = 13.242

Phase 4.5 Placer Reporting
Phase 4.5 Placer Reporting | Checksum: 152605b01

Time (s): cpu = 00:00:03 ; elapsed = 00:00:02 . Memory (MB): peak = 914.801 ; gain = 13.242

Phase 4.6 Final Placement Cleanup
Phase 4.6 Final Placement Cleanup | Checksum: 1046c489b

Time (s): cpu = 00:00:03 ; elapsed = 00:00:02 . Memory (MB): peak = 914.801 ; gain = 13.242
Phase 4 Post Placement Optimization and Clean-Up | Checksum: 1046c489b

Time (s): cpu = 00:00:03 ; elapsed = 00:00:02 . Memory (MB): peak = 914.801 ; gain = 13.242
Ending Placer Task | Checksum: 102432891

Time (s): cpu = 00:00:03 ; elapsed = 00:00:02 . Memory (MB): peak = 914.801 ; gain = 13.242
INFO: [Common 17-83] Releasing license: Implementation
38 Infos, 100 Warnings, 100 Critical Warnings and 0 Errors encountered.
place_design completed successfully
Writing placer database...
Writing XDEF routing.
Writing XDEF routing logical nets.
Writing XDEF routing special nets.
Write XDEF Complete: Time (s): cpu = 00:00:00 ; elapsed = 00:00:00.089 . Memory (MB): peak = 914.801 ; gain = 0.000
report_io: Time (s): cpu = 00:00:00 ; elapsed = 00:00:00.075 . Memory (MB): peak = 914.801 ; gain = 0.000
report_utilization: Time (s): cpu = 00:00:00 ; elapsed = 00:00:00.040 . Memory (MB): peak = 914.801 ; gain = 0.000
report_control_sets: Time (s): cpu = 00:00:00 ; elapsed = 00:00:00.004 . Memory (MB): peak = 914.801 ; gain = 0.000
Command: route_design
Attempting to get a license for feature 'Implementation' and/or device 'xc7a35t'
INFO: [Common 17-349] Got license for feature 'Implementation' and/or device 'xc7a35t'
Running DRC as a precondition to command route_design
INFO: [DRC 23-27] Running DRC with 2 threads
INFO: [Vivado_Tcl 4-198] DRC finished with 0 Errors
INFO: [Vivado_Tcl 4-199] Please refer to the DRC report (report_drc) for more information.


Starting Routing Task
INFO: [Route 35-254] Multithreading enabled for route_design using a maximum of 2 CPUs
Checksum: PlaceDB: c137982a ConstDB: 0 ShapeSum: 410b9067 RouteDB: 0

Phase 1 Build RT Design
Phase 1 Build RT Design | Checksum: 9dde847d

Time (s): cpu = 00:00:43 ; elapsed = 00:00:43 . Memory (MB): peak = 1027.891 ; gain = 113.090

Phase 2 Router Initialization

Phase 2.1 Create Timer
Phase 2.1 Create Timer | Checksum: 9dde847d

Time (s): cpu = 00:00:43 ; elapsed = 00:00:43 . Memory (MB): peak = 1027.891 ; gain = 113.090

Phase 2.2 Fix Topology Constraints
Phase 2.2 Fix Topology Constraints | Checksum: 9dde847d

Time (s): cpu = 00:00:43 ; elapsed = 00:00:43 . Memory (MB): peak = 1027.891 ; gain = 113.090

Phase 2.3 Pre Route Cleanup
Phase 2.3 Pre Route Cleanup | Checksum: 9dde847d

Time (s): cpu = 00:00:43 ; elapsed = 00:00:43 . Memory (MB): peak = 1027.891 ; gain = 113.090
 Number of Nodes with overlaps = 0

Phase 2.4 Update Timing
Phase 2.4 Update Timing | Checksum: e581206e

Time (s): cpu = 00:00:43 ; elapsed = 00:00:44 . Memory (MB): peak = 1027.891 ; gain = 113.090
INFO: [Route 35-416] Intermediate Timing Summary | WNS=7.743  | TNS=0.000  | WHS=-0.008 | THS=-0.026 |

Phase 2 Router Initialization | Checksum: 180c4ebf3

Time (s): cpu = 00:00:43 ; elapsed = 00:00:44 . Memory (MB): peak = 1027.891 ; gain = 113.090

Phase 3 Initial Routing
Phase 3 Initial Routing | Checksum: 1a0bd60cd

Time (s): cpu = 00:00:44 ; elapsed = 00:00:44 . Memory (MB): peak = 1027.891 ; gain = 113.090

Phase 4 Rip-up And Reroute

Phase 4.1 Global Iteration 0
 Number of Nodes with overlaps = 4
 Number of Nodes with overlaps = 0

Phase 4.1.1 Update Timing
Phase 4.1.1 Update Timing | Checksum: 1e4688f9a

Time (s): cpu = 00:00:44 ; elapsed = 00:00:44 . Memory (MB): peak = 1027.891 ; gain = 113.090
INFO: [Route 35-416] Intermediate Timing Summary | WNS=7.682  | TNS=0.000  | WHS=N/A    | THS=N/A    |

Phase 4.1 Global Iteration 0 | Checksum: 1e4688f9a

Time (s): cpu = 00:00:44 ; elapsed = 00:00:44 . Memory (MB): peak = 1027.891 ; gain = 113.090
Phase 4 Rip-up And Reroute | Checksum: 1e4688f9a

Time (s): cpu = 00:00:44 ; elapsed = 00:00:44 . Memory (MB): peak = 1027.891 ; gain = 113.090

Phase 5 Delay and Skew Optimization

Phase 5.1 Delay CleanUp

Phase 5.1.1 Update Timing
Phase 5.1.1 Update Timing | Checksum: 13144c108

Time (s): cpu = 00:00:44 ; elapsed = 00:00:44 . Memory (MB): peak = 1027.891 ; gain = 113.090
INFO: [Route 35-416] Intermediate Timing Summary | WNS=7.776  | TNS=0.000  | WHS=N/A    | THS=N/A    |

Phase 5.1 Delay CleanUp | Checksum: 13144c108

Time (s): cpu = 00:00:44 ; elapsed = 00:00:44 . Memory (MB): peak = 1027.891 ; gain = 113.090

Phase 5.2 Clock Skew Optimization
Phase 5.2 Clock Skew Optimization | Checksum: 13144c108

Time (s): cpu = 00:00:44 ; elapsed = 00:00:44 . Memory (MB): peak = 1027.891 ; gain = 113.090
Phase 5 Delay and Skew Optimization | Checksum: 13144c108

Time (s): cpu = 00:00:44 ; elapsed = 00:00:44 . Memory (MB): peak = 1027.891 ; gain = 113.090

Phase 6 Post Hold Fix

Phase 6.1 Hold Fix Iter

Phase 6.1.1 Update Timing
Phase 6.1.1 Update Timing | Checksum: 1be532a12

Time (s): cpu = 00:00:44 ; elapsed = 00:00:44 . Memory (MB): peak = 1027.891 ; gain = 113.090
INFO: [Route 35-416] Intermediate Timing Summary | WNS=7.776  | TNS=0.000  | WHS=0.253  | THS=0.000  |

Phase 6.1 Hold Fix Iter | Checksum: 1be532a12

Time (s): cpu = 00:00:44 ; elapsed = 00:00:44 . Memory (MB): peak = 1027.891 ; gain = 113.090
Phase 6 Post Hold Fix | Checksum: 1be532a12

Time (s): cpu = 00:00:44 ; elapsed = 00:00:44 . Memory (MB): peak = 1027.891 ; gain = 113.090

Phase 7 Route finalize

Router Utilization Summary
  Global Vertical Routing Utilization    = 0.0742247 %
  Global Horizontal Routing Utilization  = 0.023165 %
  Routable Net Status*
  *Does not include unroutable nets such as driverless and loadless.
  Run report_route_status for detailed report.
  Number of Failed Nets               = 0
  Number of Unrouted Nets             = 0
  Number of Partially Routed Nets     = 0
  Number of Node Overlaps             = 0

Phase 7 Route finalize | Checksum: 1be532a12

Time (s): cpu = 00:00:44 ; elapsed = 00:00:44 . Memory (MB): peak = 1027.891 ; gain = 113.090

Phase 8 Verifying routed nets

 Verification completed successfully
Phase 8 Verifying routed nets | Checksum: 1be532a12

Time (s): cpu = 00:00:44 ; elapsed = 00:00:44 . Memory (MB): peak = 1027.891 ; gain = 113.090

Phase 9 Depositing Routes
Phase 9 Depositing Routes | Checksum: 1f3d20ba3

Time (s): cpu = 00:00:44 ; elapsed = 00:00:44 . Memory (MB): peak = 1027.891 ; gain = 113.090

Phase 10 Post Router Timing
INFO: [Route 35-57] Estimated Timing Summary | WNS=7.776  | TNS=0.000  | WHS=0.253  | THS=0.000  |

INFO: [Route 35-327] The final timing numbers are based on the router estimated timing analysis. For a complete and accurate timing signoff, please run report_timing_summary.
Phase 10 Post Router Timing | Checksum: 1f3d20ba3

Time (s): cpu = 00:00:44 ; elapsed = 00:00:44 . Memory (MB): peak = 1027.891 ; gain = 113.090
INFO: [Route 35-16] Router Completed Successfully

Time (s): cpu = 00:00:44 ; elapsed = 00:00:44 . Memory (MB): peak = 1027.891 ; gain = 113.090

Routing Is Done.
INFO: [Common 17-83] Releasing license: Implementation
51 Infos, 100 Warnings, 100 Critical Warnings and 0 Errors encountered.
route_design completed successfully
route_design: Time (s): cpu = 00:00:45 ; elapsed = 00:00:45 . Memory (MB): peak = 1027.891 ; gain = 113.090
Writing placer database...
Writing XDEF routing.
Writing XDEF routing logical nets.
Writing XDEF routing special nets.
Write XDEF Complete: Time (s): cpu = 00:00:00 ; elapsed = 00:00:00.170 . Memory (MB): peak = 1027.891 ; gain = 0.000
INFO: [DRC 23-27] Running DRC with 2 threads
INFO: [Coretcl 2-168] The results of DRC are in file C:/Users/Albert/Desktop/logic  design/Final link/Final vivado/FinalProject.runs/impl_1/SevenSegment_drc_routed.rpt.
INFO: [Timing 38-91] UpdateTimingParams: Speed grade: -1, Delay Type: min_max.
INFO: [Timing 38-191] Multithreading enabled for timing update using a maximum of 2 CPUs
Running Vector-less Activity Propagation...

Finished Running Vector-less Activity Propagation
Attempting to get a license for feature 'Implementation' and/or device 'xc7a35t'
INFO: [Common 17-349] Got license for feature 'Implementation' and/or device 'xc7a35t'
Running DRC as a precondition to command write_bitstream
INFO: [DRC 23-27] Running DRC with 2 threads
ERROR: [DRC 23-20] Rule violation (NSTD-1) Unspecified I/O Standard - 22 out of 34 logical ports use I/O standard (IOSTANDARD) value 'DEFAULT', instead of a user assigned specific value. This may cause I/O contention or incompatibility with the board power or connectivity affecting performance, signal integrity or in extreme cases cause damage to the device or the components to which it is connected. To correct this violation, specify all I/O standards. This design will fail to generate a bitstream unless all logical ports have a user specified I/O standard value defined. To allow bitstream creation with unspecified I/O standard values (not recommended), use this command: set_property SEVERITY {Warning} [get_drc_checks NSTD-1].  NOTE: When using the Vivado Runs infrastructure (e.g. launch_runs Tcl command), add this command to a .tcl file and add that file as a pre-hook for write_bitstream step for the implementation run. Problem ports: num3[3:0], num2[3:0], num1[3:0], num0[3:0], mask[3:0], rst, dp_on.
ERROR: [DRC 23-20] Rule violation (UCIO-1) Unconstrained Logical Port - 22 out of 34 logical ports have no user assigned specific location constraint (LOC). This may cause I/O contention or incompatibility with the board power or connectivity affecting performance, signal integrity or in extreme cases cause damage to the device or the components to which it is connected. To correct this violation, specify all pin locations. This design will fail to generate a bitstream unless all logical ports have a user specified site LOC constraint defined.  To allow bitstream creation with unspecified pin locations (not recommended), use this command: set_property SEVERITY {Warning} [get_drc_checks UCIO-1].  NOTE: When using the Vivado Runs infrastructure (e.g. launch_runs Tcl command), add this command to a .tcl file and add that file as a pre-hook for write_bitstream step for the implementation run.  Problem ports: num3[3:0], num2[3:0], num1[3:0], num0[3:0], mask[3:0], rst, dp_on.
WARNING: [DRC 23-20] Rule violation (CFGBVS-1) Missing CFGBVS and CONFIG_VOLTAGE Design Properties - Neither the CFGBVS nor CONFIG_VOLTAGE voltage property is set in the current_design.  Configuration bank voltage select (CFGBVS) must be set to VCCO or GND, and CONFIG_VOLTAGE must be set to the correct configuration voltage, in order to determine the I/O voltage support for the pins in bank 0.  It is suggested to specify these either using the 'Edit Device Properties' function in the GUI or directly in the XDC file using the following syntax:

 set_property CFGBVS value1 [current_design]
 #where value1 is either VCCO or GND

 set_property CONFIG_VOLTAGE value2 [current_design]
 #where value2 is the voltage provided to configuration bank 0

Refer to the device configuration user guide for more information.
INFO: [Vivado 12-3199] DRC finished with 2 Errors, 1 Warnings
INFO: [Vivado 12-3200] Please refer to the DRC report (report_drc) for more information.
ERROR: [Vivado 12-1345] Error(s) found during DRC. Bitgen not run.
INFO: [Common 17-83] Releasing license: Implementation
ERROR: [Common 17-39] 'write_bitstream' failed due to earlier errors.

INFO: [Common 17-206] Exiting Vivado at Mon Jan 02 14:07:33 2017...
[0x7FFB6D9E70E3] ANOMALY: use of REX.w is meaningless (default operand size is 64)
