#-----------------------------------------------------------
# Vivado v2016.2 (64-bit)
# SW Build 1577090 on Thu Jun  2 16:32:40 MDT 2016
# IP Build 1577682 on Fri Jun  3 12:00:54 MDT 2016
# Start of session at: Thu Jan 05 22:49:47 2017
# Process ID: 8572
# Current directory: C:/Users/Albert/Desktop/logic  design/Final link_new/Final vivado
# Command line: vivado.exe -gui_launcher_event rodinguilauncherevent6324 C:\Users\Albert\Desktop\logic  design\Final link_new\Final vivado\FinalProject.xpr
# Log file: C:/Users/Albert/Desktop/logic  design/Final link_new/Final vivado/vivado.log
# Journal file: C:/Users/Albert/Desktop/logic  design/Final link_new/Final vivado\vivado.jou
#-----------------------------------------------------------
start_gui
open_project {C:/Users/Albert/Desktop/logic  design/Final link_new/Final vivado/FinalProject.xpr}
Scanning sources...
Finished scanning sources
INFO: [IP_Flow 19-234] Refreshing IP repositories
INFO: [IP_Flow 19-1704] No user IP repositories specified
INFO: [IP_Flow 19-2313] Loaded Vivado IP repository 'C:/Xilinx/Vivado/2016.2/data/ip'.
WARNING: [IP_Flow 19-2162] IP 'clk_wiz_0' is locked:
* IP definition 'Clocking Wizard (5.3)' for IP 'clk_wiz_0' has a different revision in the IP Catalog.
Please select 'Report IP Status' from the 'Tools/Report' menu or run Tcl command 'report_ip_status' for more information.
open_project: Time (s): cpu = 00:00:25 ; elapsed = 00:00:12 . Memory (MB): peak = 807.105 ; gain = 141.871
update_compile_order -fileset sources_1
exit
INFO: [Common 17-206] Exiting Vivado at Thu Jan 05 22:52:00 2017...
