#-----------------------------------------------------------
# Vivado v2016.2 (64-bit)
# SW Build 1577090 on Thu Jun  2 16:32:40 MDT 2016
# IP Build 1577682 on Fri Jun  3 12:00:54 MDT 2016
# Start of session at: Mon Jan 02 11:51:12 2017
# Process ID: 15384
# Current directory: C:/Users/Albert/Desktop/logic  design/LAB11 link_work/lab11 vivado
# Command line: vivado.exe -gui_launcher_event rodinguilauncherevent15284 C:\Users\Albert\Desktop\logic  design\LAB11 link_work\lab11 vivado\LAB11 vivado.xpr
# Log file: C:/Users/Albert/Desktop/logic  design/LAB11 link_work/lab11 vivado/vivado.log
# Journal file: C:/Users/Albert/Desktop/logic  design/LAB11 link_work/lab11 vivado\vivado.jou
#-----------------------------------------------------------
start_gui
open_project {C:/Users/Albert/Desktop/logic  design/LAB11 link_work/lab11 vivado/LAB11 vivado.xpr}
Scanning sources...
Finished scanning sources
INFO: [IP_Flow 19-234] Refreshing IP repositories
INFO: [IP_Flow 19-1704] No user IP repositories specified
INFO: [IP_Flow 19-2313] Loaded Vivado IP repository 'C:/Xilinx/Vivado/2016.2/data/ip'.
open_project: Time (s): cpu = 00:00:23 ; elapsed = 00:00:10 . Memory (MB): peak = 795.801 ; gain = 150.781
update_compile_order -fileset sources_1
exit
INFO: [Common 17-206] Exiting Vivado at Mon Jan 02 15:07:33 2017...
