#-----------------------------------------------------------
# Vivado v2016.2 (64-bit)
# SW Build 1577090 on Thu Jun  2 16:32:40 MDT 2016
# IP Build 1577682 on Fri Jun  3 12:00:54 MDT 2016
# Start of session at: Fri Nov 25 21:29:03 2016
# Process ID: 4804
# Current directory: D:/Dropbox/共享/FlipLD/課前準備/LAB文件/Final Project/FinalProject
# Command line: vivado.exe -gui_launcher_event rodinguilauncherevent9504 D:\Dropbox\共享\FlipLD\課前準備\LAB文件\Final Project\FinalProject\FinalProject.xpr
# Log file: D:/Dropbox/共享/FlipLD/課前準備/LAB文件/Final Project/FinalProject/vivado.log
# Journal file: D:/Dropbox/共享/FlipLD/課前準備/LAB文件/Final Project/FinalProject\vivado.jou
#-----------------------------------------------------------
start_gui
oopen_project {D:/Dropbox/共享/FlipLD/課前準備/LAB文件/Final Project/FinalProject/FinalProject.xpr}
Scanning sources...
Finished scanning sources
INFO: [IP_Flow 19-234] Refreshing IP repositories
INFO: [IP_Flow 19-1704] No user IP repositories specified
INFO: [IP_Flow 19-2313] Loaded Vivado IP repository 'D:/Xilinx/Vivado/2016.2/data/ip'.
WARNING: [IP_Flow 19-2162] IP 'clk_wiz_0' is locked:
* IP definition 'Clocking Wizard (5.3)' for IP 'clk_wiz_0' has a different revision in the IP Catalog.
Please select 'Report IP Status' from the 'Tools/Report' menu or run Tcl command 'report_ip_status' for more information.
INFO: [Common 17-41] Interrupt caught. Command should exit soon.
INFO: [Common 17-344] 'set_property' was cancelled
INFO: [Common 17-344] 'set_property' was cancelled
INFO: [Common 17-344] 'open_project' was cancelled
update_compile_order -fileset sources_1
update_compile_order -fileset sim_1
exit
INFO: [Common 17-206] Exiting Vivado at Fri Nov 25 21:30:46 2016...
: [Common 17-206] Exiting Vivado at Fri Nov 25 21:30:37 2016...
