#-----------------------------------------------------------
# Vivado v2016.2 (64-bit)
# SW Build 1577090 on Thu Jun  2 16:32:40 MDT 2016
# IP Build 1577682 on Fri Jun  3 12:00:54 MDT 2016
# Start of session at: Fri Nov 04 16:24:49 2016
# Process ID: 9172
# Current directory: C:/Users/Albert/Desktop/logic  design/lab_hw3
# Command line: vivado.exe -gui_launcher_event rodinguilauncherevent6352 C:\Users\Albert\Desktop\logic  design\lab_hw3\lab_hw3.xpr
# Log file: C:/Users/Albert/Desktop/logic  design/lab_hw3/vivado.log
# Journal file: C:/Users/Albert/Desktop/logic  design/lab_hw3\vivado.jou
#-----------------------------------------------------------
start_gui
open_project {C:/Users/Albert/Desktop/logic  design/lab_hw3/lab_hw3.xpr}
Scanning sources...
Finished scanning sources
INFO: [IP_Flow 19-234] Refreshing IP repositories
INFO: [IP_Flow 19-1704] No user IP repositories specified
INFO: [IP_Flow 19-2313] Loaded Vivado IP repository 'C:/Xilinx/Vivado/2016.2/data/ip'.
open_project: Time (s): cpu = 00:00:20 ; elapsed = 00:00:09 . Memory (MB): peak = 797.133 ; gain = 143.473
update_compile_order -fileset sources_1
exit
INFO: [Common 17-206] Exiting Vivado at Fri Nov 04 17:05:06 2016...
