Copyright 1986-2016 Xilinx, Inc. All Rights Reserved.
------------------------------------------------------------------------------------
| Tool Version : Vivado v.2016.2 (win64) Build 1577090 Thu Jun  2 16:32:40 MDT 2016
| Date         : Fri Jan 13 12:57:59 2017
| Host         : UX303L running 64-bit major release  (build 9200)
| Command      : report_control_sets -verbose -file LAB11_control_sets_placed.rpt
| Design       : LAB11
| Device       : xc7a35t
------------------------------------------------------------------------------------

Control Set Information

Table of Contents
-----------------
1. Summary
2. Flip-Flop Distribution
3. Detailed Control Set Information

1. Summary
----------

+----------------------------------------------------------+-------+
|                          Status                          | Count |
+----------------------------------------------------------+-------+
| Number of unique control sets                            |     4 |
| Unused register locations in slices containing registers |    11 |
+----------------------------------------------------------+-------+


2. Flip-Flop Distribution
-------------------------

+--------------+-----------------------+------------------------+-----------------+--------------+
| Clock Enable | Synchronous Set/Reset | Asynchronous Set/Reset | Total Registers | Total Slices |
+--------------+-----------------------+------------------------+-----------------+--------------+
| No           | No                    | No                     |              28 |            9 |
| No           | No                    | Yes                    |              98 |           32 |
| No           | Yes                   | No                     |              47 |           13 |
| Yes          | No                    | No                     |               0 |            0 |
| Yes          | No                    | Yes                    |               0 |            0 |
| Yes          | Yes                   | No                     |               0 |            0 |
+--------------+-----------------------+------------------------+-----------------+--------------+


3. Detailed Control Set Information
-----------------------------------

+--------------------+---------------+--------------------------------+------------------+----------------+
|    Clock Signal    | Enable Signal |        Set/Reset Signal        | Slice Load Count | Bel Load Count |
+--------------------+---------------+--------------------------------+------------------+----------------+
|  ck0/inst/clk_out1 |               | sw_IBUF[14]                    |                4 |             16 |
|  ck0/inst/clk_out1 |               |                                |                9 |             28 |
|  ck0/inst/clk_out1 |               | tc1/next_counterms[30]_i_1_n_0 |                9 |             31 |
|  ck0/inst/clk_out1 |               | sw_IBUF[15]                    |               32 |             98 |
+--------------------+---------------+--------------------------------+------------------+----------------+


