#-----------------------------------------------------------
# Vivado v2016.2 (64-bit)
# SW Build 1577090 on Thu Jun  2 16:32:40 MDT 2016
# IP Build 1577682 on Fri Jun  3 12:00:54 MDT 2016
# Start of session at: Thu Dec 29 14:11:38 2016
# Process ID: 11560
# Current directory: C:/Users/Albert/Desktop/logic  design/LAB12 link_work/LAB12 vivado
# Command line: vivado.exe -gui_launcher_event rodinguilauncherevent14800 C:\Users\Albert\Desktop\logic  design\LAB12 link_work\LAB12 vivado\LAB12.xpr
# Log file: C:/Users/Albert/Desktop/logic  design/LAB12 link_work/LAB12 vivado/vivado.log
# Journal file: C:/Users/Albert/Desktop/logic  design/LAB12 link_work/LAB12 vivado\vivado.jou
#-----------------------------------------------------------
start_gui
open_project {C:/Users/Albert/Desktop/logic  design/LAB12 link_work/LAB12 vivado/LAB12.xpr}
INFO: [Project 1-313] Project file moved from 'D:/TADuty/105-1 Flip Logic Design/Preparation/LAB Doc/LAB12/LAB12' since last save.
Scanning sources...
Finished scanning sources
INFO: [Project 1-230] Project 'LAB12.xpr' upgraded for this version of Vivado.
INFO: [IP_Flow 19-234] Refreshing IP repositories
INFO: [IP_Flow 19-1704] No user IP repositories specified
INFO: [IP_Flow 19-2313] Loaded Vivado IP repository 'C:/Xilinx/Vivado/2016.2/data/ip'.
WARNING: [IP_Flow 19-2162] IP 'clk_wiz_0' is locked:
* IP definition 'Clocking Wizard (5.3)' for IP 'clk_wiz_0' has a different revision in the IP Catalog.
Please select 'Report IP Status' from the 'Tools/Report' menu or run Tcl command 'report_ip_status' for more information.
open_project: Time (s): cpu = 00:00:25 ; elapsed = 00:00:14 . Memory (MB): peak = 799.367 ; gain = 120.621
update_compile_order -fileset sources_1
reset_run synth_1
launch_runs impl_1 -to_step write_bitstream
[Thu Dec 29 14:14:12 2016] Launched synth_1...
Run output will be captured here: C:/Users/Albert/Desktop/logic  design/LAB12 link_work/LAB12 vivado/LAB12.runs/synth_1/runme.log
[Thu Dec 29 14:14:12 2016] Launched impl_1...
Run output will be captured here: C:/Users/Albert/Desktop/logic  design/LAB12 link_work/LAB12 vivado/LAB12.runs/impl_1/runme.log
reset_run synth_1
launch_runs impl_1 -to_step write_bitstream
[Thu Dec 29 14:15:59 2016] Launched synth_1...
Run output will be captured here: C:/Users/Albert/Desktop/logic  design/LAB12 link_work/LAB12 vivado/LAB12.runs/synth_1/runme.log
[Thu Dec 29 14:15:59 2016] Launched impl_1...
Run output will be captured here: C:/Users/Albert/Desktop/logic  design/LAB12 link_work/LAB12 vivado/LAB12.runs/impl_1/runme.log
reset_run impl_1 -noclean_dir 
exit
INFO: [Common 17-206] Exiting Vivado at Thu Dec 29 14:25:46 2016...
