Copyright 1986-2016 Xilinx, Inc. All Rights Reserved.
------------------------------------------------------------------------------------
| Tool Version : Vivado v.2016.2 (win64) Build 1577090 Thu Jun  2 16:32:40 MDT 2016
| Date         : Fri Dec 16 16:18:26 2016
| Host         : UX303L running 64-bit major release  (build 9200)
| Command      : report_control_sets -verbose -file LAB10_control_sets_placed.rpt
| Design       : LAB10
| Device       : xc7a35t
------------------------------------------------------------------------------------

Control Set Information

Table of Contents
-----------------
1. Summary
2. Flip-Flop Distribution
3. Detailed Control Set Information

1. Summary
----------

+----------------------------------------------------------+-------+
|                          Status                          | Count |
+----------------------------------------------------------+-------+
| Number of unique control sets                            |     2 |
| Unused register locations in slices containing registers |    10 |
+----------------------------------------------------------+-------+


2. Flip-Flop Distribution
-------------------------

+--------------+-----------------------+------------------------+-----------------+--------------+
| Clock Enable | Synchronous Set/Reset | Asynchronous Set/Reset | Total Registers | Total Slices |
+--------------+-----------------------+------------------------+-----------------+--------------+
| No           | No                    | No                     |               0 |            0 |
| No           | No                    | Yes                    |              34 |           10 |
| No           | Yes                   | No                     |               0 |            0 |
| Yes          | No                    | No                     |               0 |            0 |
| Yes          | No                    | Yes                    |               4 |            1 |
| Yes          | Yes                   | No                     |               0 |            0 |
+--------------+-----------------------+------------------------+-----------------+--------------+


3. Detailed Control Set Information
-----------------------------------

+--------------------+------------------------+------------------+------------------+----------------+
|    Clock Signal    |      Enable Signal     | Set/Reset Signal | Slice Load Count | Bel Load Count |
+--------------------+------------------------+------------------+------------------+----------------+
|  ck0/inst/clk_out1 | bD/nolabel_line34/E[0] | sw_IBUF[15]      |                1 |              4 |
|  ck0/inst/clk_out1 |                        | sw_IBUF[15]      |               10 |             34 |
+--------------------+------------------------+------------------+------------------+----------------+


